{"total": {"lines":{"total":2535,"covered":491,"skipped":0,"pct":19.36},"statements":{"total":2735,"covered":536,"skipped":0,"pct":19.59},"functions":{"total":584,"covered":138,"skipped":0,"pct":23.63},"branches":{"total":2126,"covered":275,"skipped":0,"pct":12.93},"branchesTrue":{"total":0,"covered":0,"skipped":0,"pct":100}}
,"/Users/william.d.zk/WorkSpace/dsh-alioth/packages/alioth/app-picker/src/index.ts": {"lines":{"total":73,"covered":0,"skipped":0,"pct":0},"functions":{"total":23,"covered":0,"skipped":0,"pct":0},"statements":{"total":86,"covered":0,"skipped":0,"pct":0},"branches":{"total":60,"covered":0,"skipped":0,"pct":0}}
,"/Users/william.d.zk/WorkSpace/dsh-alioth/packages/alioth/auth-alioth/src/index.ts": {"lines":{"total":159,"covered":52,"skipped":0,"pct":32.7},"functions":{"total":41,"covered":11,"skipped":0,"pct":26.82},"statements":{"total":173,"covered":54,"skipped":0,"pct":31.21},"branches":{"total":106,"covered":23,"skipped":0,"pct":21.69}}
,"/Users/william.d.zk/WorkSpace/dsh-alioth/packages/alioth/auth-alioth/src/password.ts": {"lines":{"total":20,"covered":12,"skipped":0,"pct":60},"functions":{"total":6,"covered":5,"skipped":0,"pct":83.33},"statements":{"total":20,"covered":12,"skipped":0,"pct":60},"branches":{"total":6,"covered":1,"skipped":0,"pct":16.66}}
,"/Users/william.d.zk/WorkSpace/dsh-alioth/packages/alioth/auth-alioth/src/store.ts": {"lines":{"total":15,"covered":13,"skipped":0,"pct":86.66},"functions":{"total":10,"covered":8,"skipped":0,"pct":80},"statements":{"total":15,"covered":13,"skipped":0,"pct":86.66},"branches":{"total":8,"covered":6,"skipped":0,"pct":75}}
,"/Users/william.d.zk/WorkSpace/dsh-alioth/packages/alioth/auth-web-alioth/src/index.ts": {"lines":{"total":343,"covered":74,"skipped":0,"pct":21.57},"functions":{"total":64,"covered":26,"skipped":0,"pct":40.62},"statements":{"total":369,"covered":86,"skipped":0,"pct":23.3},"branches":{"total":309,"covered":31,"skipped":0,"pct":10.03}}
,"/Users/william.d.zk/WorkSpace/dsh-alioth/packages/alioth/billing-alioth/src/index.ts": {"lines":{"total":53,"covered":49,"skipped":0,"pct":92.45},"functions":{"total":20,"covered":17,"skipped":0,"pct":85},"statements":{"total":69,"covered":56,"skipped":0,"pct":81.15},"branches":{"total":30,"covered":21,"skipped":0,"pct":70}}
,"/Users/william.d.zk/WorkSpace/dsh-alioth/packages/alioth/billing-web-alioth/src/index.ts": {"lines":{"total":141,"covered":141,"skipped":0,"pct":100},"functions":{"total":36,"covered":36,"skipped":0,"pct":100},"statements":{"total":160,"covered":160,"skipped":0,"pct":100},"branches":{"total":153,"covered":150,"skipped":0,"pct":98.03}}
,"/Users/william.d.zk/WorkSpace/dsh-alioth/packages/alioth/env-alioth/src/bootstrap.ts": {"lines":{"total":27,"covered":22,"skipped":0,"pct":81.48},"functions":{"total":3,"covered":3,"skipped":0,"pct":100},"statements":{"total":27,"covered":22,"skipped":0,"pct":81.48},"branches":{"total":12,"covered":4,"skipped":0,"pct":33.33}}
,"/Users/william.d.zk/WorkSpace/dsh-alioth/packages/alioth/env-alioth/src/doctor.ts": {"lines":{"total":32,"covered":0,"skipped":0,"pct":0},"functions":{"total":11,"covered":0,"skipped":0,"pct":0},"statements":{"total":36,"covered":0,"skipped":0,"pct":0},"branches":{"total":24,"covered":0,"skipped":0,"pct":0}}
,"/Users/william.d.zk/WorkSpace/dsh-alioth/packages/alioth/env-alioth/src/index.ts": {"lines":{"total":49,"covered":28,"skipped":0,"pct":57.14},"functions":{"total":12,"covered":7,"skipped":0,"pct":58.33},"statements":{"total":50,"covered":29,"skipped":0,"pct":58},"branches":{"total":24,"covered":8,"skipped":0,"pct":33.33}}
,"/Users/william.d.zk/WorkSpace/dsh-alioth/packages/alioth/env-alioth/src/model-source.ts": {"lines":{"total":74,"covered":28,"skipped":0,"pct":37.83},"functions":{"total":14,"covered":10,"skipped":0,"pct":71.42},"statements":{"total":75,"covered":29,"skipped":0,"pct":38.66},"branches":{"total":39,"covered":10,"skipped":0,"pct":25.64}}
,"/Users/william.d.zk/WorkSpace/dsh-alioth/packages/alioth/env-alioth/src/pg.ts": {"lines":{"total":77,"covered":54,"skipped":0,"pct":70.12},"functions":{"total":17,"covered":11,"skipped":0,"pct":64.7},"statements":{"total":81,"covered":56,"skipped":0,"pct":69.13},"branches":{"total":30,"covered":16,"skipped":0,"pct":53.33}}
,"/Users/william.d.zk/WorkSpace/dsh-alioth/packages/alioth/env-alioth/src/prototype-root.ts": {"lines":{"total":63,"covered":2,"skipped":0,"pct":3.17},"functions":{"total":5,"covered":0,"skipped":0,"pct":0},"statements":{"total":65,"covered":2,"skipped":0,"pct":3.07},"branches":{"total":38,"covered":0,"skipped":0,"pct":0}}
,"/Users/william.d.zk/WorkSpace/dsh-alioth/packages/alioth/env-alioth/vendor/Framework/backend/identity-org/src/handlers/__init__": {"lines":{"total":0,"covered":0,"skipped":0,"pct":100},"functions":{"total":0,"covered":0,"skipped":0,"pct":100},"statements":{"total":0,"covered":0,"skipped":0,"pct":100},"branches":{"total":0,"covered":0,"skipped":0,"pct":100}}
,"/Users/william.d.zk/WorkSpace/dsh-alioth/packages/alioth/env-alioth/vendor/Framework/backend/identity-org/src/repository/drift_guard.rs": {"lines":{"total":0,"covered":0,"skipped":0,"pct":100},"functions":{"total":0,"covered":0,"skipped":0,"pct":100},"statements":{"total":0,"covered":0,"skipped":0,"pct":100},"branches":{"total":0,"covered":0,"skipped":0,"pct":100}}
,"/Users/william.d.zk/WorkSpace/dsh-alioth/packages/alioth/env-alioth/vendor/Gateway/backend/src/models/mod.rs": {"lines":{"total":0,"covered":0,"skipped":0,"pct":100},"functions":{"total":0,"covered":0,"skipped":0,"pct":100},"statements":{"total":0,"covered":0,"skipped":0,"pct":100},"branches":{"total":0,"covered":0,"skipped":0,"pct":100}}
,"/Users/william.d.zk/WorkSpace/dsh-alioth/packages/alioth/feedback-web-alioth/src/index.ts": {"lines":{"total":101,"covered":0,"skipped":0,"pct":0},"functions":{"total":16,"covered":0,"skipped":0,"pct":0},"statements":{"total":107,"covered":0,"skipped":0,"pct":0},"branches":{"total":110,"covered":0,"skipped":0,"pct":0}}
,"/Users/william.d.zk/WorkSpace/dsh-alioth/packages/alioth/feedback-web-alioth/src/overlay.ts": {"lines":{"total":1,"covered":0,"skipped":0,"pct":0},"functions":{"total":0,"covered":0,"skipped":0,"pct":100},"statements":{"total":1,"covered":0,"skipped":0,"pct":0},"branches":{"total":0,"covered":0,"skipped":0,"pct":100}}
,"/Users/william.d.zk/WorkSpace/dsh-alioth/packages/alioth/gen-alioth/src/generate.ts": {"lines":{"total":29,"covered":0,"skipped":0,"pct":0},"functions":{"total":20,"covered":0,"skipped":0,"pct":0},"statements":{"total":35,"covered":0,"skipped":0,"pct":0},"branches":{"total":58,"covered":0,"skipped":0,"pct":0}}
,"/Users/william.d.zk/WorkSpace/dsh-alioth/packages/alioth/gen-alioth/src/index.ts": {"lines":{"total":0,"covered":0,"skipped":0,"pct":100},"functions":{"total":0,"covered":0,"skipped":0,"pct":100},"statements":{"total":0,"covered":0,"skipped":0,"pct":100},"branches":{"total":0,"covered":0,"skipped":0,"pct":100}}
,"/Users/william.d.zk/WorkSpace/dsh-alioth/packages/alioth/gen-alioth/src/validate-engine.ts": {"lines":{"total":51,"covered":0,"skipped":0,"pct":0},"functions":{"total":5,"covered":0,"skipped":0,"pct":0},"statements":{"total":53,"covered":0,"skipped":0,"pct":0},"branches":{"total":57,"covered":0,"skipped":0,"pct":0}}
,"/Users/william.d.zk/WorkSpace/dsh-alioth/packages/alioth/gen-alioth/src/validate.ts": {"lines":{"total":4,"covered":0,"skipped":0,"pct":0},"functions":{"total":2,"covered":0,"skipped":0,"pct":0},"statements":{"total":4,"covered":0,"skipped":0,"pct":0},"branches":{"total":0,"covered":0,"skipped":0,"pct":100}}
,"/Users/william.d.zk/WorkSpace/dsh-alioth/packages/alioth/landing-alioth/src/index.ts": {"lines":{"total":21,"covered":16,"skipped":0,"pct":76.19},"functions":{"total":5,"covered":4,"skipped":0,"pct":80},"statements":{"total":22,"covered":17,"skipped":0,"pct":77.27},"branches":{"total":8,"covered":5,"skipped":0,"pct":62.5}}
,"/Users/william.d.zk/WorkSpace/dsh-alioth/packages/alioth/skill-alioth/src/adapter.ts": {"lines":{"total":72,"covered":0,"skipped":0,"pct":0},"functions":{"total":17,"covered":0,"skipped":0,"pct":0},"statements":{"total":75,"covered":0,"skipped":0,"pct":0},"branches":{"total":67,"covered":0,"skipped":0,"pct":0}}
,"/Users/william.d.zk/WorkSpace/dsh-alioth/packages/alioth/skill-alioth/src/agent-contract.ts": {"lines":{"total":24,"covered":0,"skipped":0,"pct":0},"functions":{"total":2,"covered":0,"skipped":0,"pct":0},"statements":{"total":24,"covered":0,"skipped":0,"pct":0},"branches":{"total":42,"covered":0,"skipped":0,"pct":0}}
,"/Users/william.d.zk/WorkSpace/dsh-alioth/packages/alioth/skill-alioth/src/agent-machine.ts": {"lines":{"total":70,"covered":0,"skipped":0,"pct":0},"functions":{"total":4,"covered":0,"skipped":0,"pct":0},"statements":{"total":71,"covered":0,"skipped":0,"pct":0},"branches":{"total":77,"covered":0,"skipped":0,"pct":0}}
,"/Users/william.d.zk/WorkSpace/dsh-alioth/packages/alioth/skill-alioth/src/bun.ts": {"lines":{"total":24,"covered":0,"skipped":0,"pct":0},"functions":{"total":8,"covered":0,"skipped":0,"pct":0},"statements":{"total":27,"covered":0,"skipped":0,"pct":0},"branches":{"total":24,"covered":0,"skipped":0,"pct":0}}
,"/Users/william.d.zk/WorkSpace/dsh-alioth/packages/alioth/skill-alioth/src/e2e-report.ts": {"lines":{"total":9,"covered":0,"skipped":0,"pct":0},"functions":{"total":5,"covered":0,"skipped":0,"pct":0},"statements":{"total":9,"covered":0,"skipped":0,"pct":0},"branches":{"total":0,"covered":0,"skipped":0,"pct":100}}
,"/Users/william.d.zk/WorkSpace/dsh-alioth/packages/alioth/skill-alioth/src/entity-validate.ts": {"lines":{"total":106,"covered":0,"skipped":0,"pct":0},"functions":{"total":13,"covered":0,"skipped":0,"pct":0},"statements":{"total":107,"covered":0,"skipped":0,"pct":0},"branches":{"total":60,"covered":0,"skipped":0,"pct":0}}
,"/Users/william.d.zk/WorkSpace/dsh-alioth/packages/alioth/skill-alioth/src/gate-programs.ts": {"lines":{"total":21,"covered":0,"skipped":0,"pct":0},"functions":{"total":4,"covered":0,"skipped":0,"pct":0},"statements":{"total":25,"covered":0,"skipped":0,"pct":0},"branches":{"total":12,"covered":0,"skipped":0,"pct":0}}
,"/Users/william.d.zk/WorkSpace/dsh-alioth/packages/alioth/skill-alioth/src/gates.ts": {"lines":{"total":48,"covered":0,"skipped":0,"pct":0},"functions":{"total":9,"covered":0,"skipped":0,"pct":0},"statements":{"total":50,"covered":0,"skipped":0,"pct":0},"branches":{"total":38,"covered":0,"skipped":0,"pct":0}}
,"/Users/william.d.zk/WorkSpace/dsh-alioth/packages/alioth/skill-alioth/src/index.ts": {"lines":{"total":0,"covered":0,"skipped":0,"pct":100},"functions":{"total":0,"covered":0,"skipped":0,"pct":100},"statements":{"total":0,"covered":0,"skipped":0,"pct":100},"branches":{"total":0,"covered":0,"skipped":0,"pct":100}}
,"/Users/william.d.zk/WorkSpace/dsh-alioth/packages/alioth/skill-alioth/src/mapping.ts": {"lines":{"total":26,"covered":0,"skipped":0,"pct":0},"functions":{"total":4,"covered":0,"skipped":0,"pct":0},"statements":{"total":29,"covered":0,"skipped":0,"pct":0},"branches":{"total":10,"covered":0,"skipped":0,"pct":0}}
,"/Users/william.d.zk/WorkSpace/dsh-alioth/packages/alioth/skill-alioth/src/state.ts": {"lines":{"total":19,"covered":0,"skipped":0,"pct":0},"functions":{"total":4,"covered":0,"skipped":0,"pct":0},"statements":{"total":19,"covered":0,"skipped":0,"pct":0},"branches":{"total":12,"covered":0,"skipped":0,"pct":0}}
,"/Users/william.d.zk/WorkSpace/dsh-alioth/packages/alioth/skill-alioth/src/workspace.ts": {"lines":{"total":20,"covered":0,"skipped":0,"pct":0},"functions":{"total":4,"covered":0,"skipped":0,"pct":0},"statements":{"total":20,"covered":0,"skipped":0,"pct":0},"branches":{"total":8,"covered":0,"skipped":0,"pct":0}}
,"/Users/william.d.zk/WorkSpace/dsh-alioth/packages/alioth/tool-alioth-meta/src/embedding.ts": {"lines":{"total":75,"covered":0,"skipped":0,"pct":0},"functions":{"total":13,"covered":0,"skipped":0,"pct":0},"statements":{"total":80,"covered":0,"skipped":0,"pct":0},"branches":{"total":38,"covered":0,"skipped":0,"pct":0}}
,"/Users/william.d.zk/WorkSpace/dsh-alioth/packages/alioth/tool-alioth-meta/src/entity-write.ts": {"lines":{"total":69,"covered":0,"skipped":0,"pct":0},"functions":{"total":11,"covered":0,"skipped":0,"pct":0},"statements":{"total":71,"covered":0,"skipped":0,"pct":0},"branches":{"total":75,"covered":0,"skipped":0,"pct":0}}
,"/Users/william.d.zk/WorkSpace/dsh-alioth/packages/alioth/tool-alioth-meta/src/hygiene.ts": {"lines":{"total":1,"covered":0,"skipped":0,"pct":0},"functions":{"total":1,"covered":0,"skipped":0,"pct":0},"statements":{"total":1,"covered":0,"skipped":0,"pct":0},"branches":{"total":1,"covered":0,"skipped":0,"pct":0}}
,"/Users/william.d.zk/WorkSpace/dsh-alioth/packages/alioth/tool-alioth-meta/src/index.ts": {"lines":{"total":12,"covered":0,"skipped":0,"pct":0},"functions":{"total":4,"covered":0,"skipped":0,"pct":0},"statements":{"total":12,"covered":0,"skipped":0,"pct":0},"branches":{"total":4,"covered":0,"skipped":0,"pct":0}}
,"/Users/william.d.zk/WorkSpace/dsh-alioth/packages/alioth/tool-alioth-meta/src/schema-info.ts": {"lines":{"total":43,"covered":0,"skipped":0,"pct":0},"functions":{"total":11,"covered":0,"skipped":0,"pct":0},"statements":{"total":44,"covered":0,"skipped":0,"pct":0},"branches":{"total":73,"covered":0,"skipped":0,"pct":0}}
,"/Users/william.d.zk/WorkSpace/dsh-alioth/packages/alioth/tool-alioth-meta/src/semantic-search.ts": {"lines":{"total":18,"covered":0,"skipped":0,"pct":0},"functions":{"total":6,"covered":0,"skipped":0,"pct":0},"statements":{"total":18,"covered":0,"skipped":0,"pct":0},"branches":{"total":18,"covered":0,"skipped":0,"pct":0}}
,"/Users/william.d.zk/WorkSpace/dsh-alioth/packages/alioth/tool-alioth-orchestrator/src/index.ts": {"lines":{"total":20,"covered":0,"skipped":0,"pct":0},"functions":{"total":6,"covered":0,"skipped":0,"pct":0},"statements":{"total":21,"covered":0,"skipped":0,"pct":0},"branches":{"total":14,"covered":0,"skipped":0,"pct":0}}
,"/Users/william.d.zk/WorkSpace/dsh-alioth/packages/alioth/tool-alioth-orchestrator/src/primitives.ts": {"lines":{"total":87,"covered":0,"skipped":0,"pct":0},"functions":{"total":41,"covered":0,"skipped":0,"pct":0},"statements":{"total":98,"covered":0,"skipped":0,"pct":0},"branches":{"total":101,"covered":0,"skipped":0,"pct":0}}
,"/Users/william.d.zk/WorkSpace/dsh-alioth/packages/alioth/tool-alioth-workflow/src/index.ts": {"lines":{"total":96,"covered":0,"skipped":0,"pct":0},"functions":{"total":36,"covered":0,"skipped":0,"pct":0},"statements":{"total":102,"covered":0,"skipped":0,"pct":0},"branches":{"total":54,"covered":0,"skipped":0,"pct":0}}
,"/Users/william.d.zk/WorkSpace/dsh-alioth/packages/alioth/tool-alioth/src/index.ts": {"lines":{"total":319,"covered":0,"skipped":0,"pct":0},"functions":{"total":58,"covered":0,"skipped":0,"pct":0},"statements":{"total":358,"covered":0,"skipped":0,"pct":0},"branches":{"total":314,"covered":0,"skipped":0,"pct":0}}
,"/Users/william.d.zk/WorkSpace/dsh-alioth/packages/alioth/tool-feedback-alioth/src/index.ts": {"lines":{"total":23,"covered":0,"skipped":0,"pct":0},"functions":{"total":13,"covered":0,"skipped":0,"pct":0},"statements":{"total":26,"covered":0,"skipped":0,"pct":0},"branches":{"total":12,"covered":0,"skipped":0,"pct":0}}
}
