{"/Users/william.d.zk/WorkSpace/dsh-alioth/packages/alioth/app-picker/src/index.ts": {"path":"/Users/william.d.zk/WorkSpace/dsh-alioth/packages/alioth/app-picker/src/index.ts","statementMap":{"0":{"start":{"line":38,"column":14},"end":{"line":38,"column":null}},"1":{"start":{"line":39,"column":2},"end":{"line":39,"column":null}},"2":{"start":{"line":49,"column":2},"end":{"line":54,"column":null}},"3":{"start":{"line":50,"column":23},"end":{"line":50,"column":null}},"4":{"start":{"line":51,"column":4},"end":{"line":51,"column":null}},"5":{"start":{"line":53,"column":4},"end":{"line":53,"column":null}},"6":{"start":{"line":67,"column":33},"end":{"line":70,"column":null}},"7":{"start":{"line":74,"column":8},"end":{"line":74,"column":null}},"8":{"start":{"line":76,"column":2},"end":{"line":82,"column":null}},"9":{"start":{"line":77,"column":4},"end":{"line":78,"column":null}},"10":{"start":{"line":78,"column":6},"end":{"line":78,"column":93}},"11":{"start":{"line":78,"column":26},"end":{"line":78,"column":68}},"12":{"start":{"line":78,"column":79},"end":{"line":78,"column":85}},"13":{"start":{"line":81,"column":4},"end":{"line":81,"column":null}},"14":{"start":{"line":83,"column":2},"end":{"line":83,"column":null}},"15":{"start":{"line":83,"column":28},"end":{"line":83,"column":80}},"16":{"start":{"line":89,"column":2},"end":{"line":94,"column":null}},"17":{"start":{"line":90,"column":4},"end":{"line":91,"column":null}},"18":{"start":{"line":91,"column":6},"end":{"line":91,"column":93}},"19":{"start":{"line":91,"column":26},"end":{"line":91,"column":68}},"20":{"start":{"line":91,"column":79},"end":{"line":91,"column":85}},"21":{"start":{"line":93,"column":4},"end":{"line":93,"column":null}},"22":{"start":{"line":95,"column":2},"end":{"line":95,"column":null}},"23":{"start":{"line":95,"column":28},"end":{"line":95,"column":83}},"24":{"start":{"line":100,"column":33},"end":{"line":100,"column":null}},"25":{"start":{"line":104,"column":65},"end":{"line":108,"column":null}},"26":{"start":{"line":106,"column":28},"end":{"line":106,"column":null}},"27":{"start":{"line":107,"column":37},"end":{"line":107,"column":null}},"28":{"start":{"line":112,"column":4},"end":{"line":112,"column":null}},"29":{"start":{"line":113,"column":4},"end":{"line":113,"column":null}},"30":{"start":{"line":114,"column":4},"end":{"line":114,"column":null}},"31":{"start":{"line":119,"column":4},"end":{"line":119,"column":null}},"32":{"start":{"line":137,"column":17},"end":{"line":137,"column":null}},"33":{"start":{"line":138,"column":4},"end":{"line":143,"column":null}},"34":{"start":{"line":139,"column":12},"end":{"line":139,"column":null}},"35":{"start":{"line":140,"column":6},"end":{"line":142,"column":null}},"36":{"start":{"line":141,"column":8},"end":{"line":141,"column":null}},"37":{"start":{"line":144,"column":20},"end":{"line":144,"column":null}},"38":{"start":{"line":145,"column":15},"end":{"line":145,"column":null}},"39":{"start":{"line":146,"column":4},"end":{"line":160,"column":null}},"40":{"start":{"line":150,"column":6},"end":{"line":150,"column":null}},"41":{"start":{"line":150,"column":28},"end":{"line":150,"column":null}},"42":{"start":{"line":151,"column":22},"end":{"line":151,"column":null}},"43":{"start":{"line":152,"column":6},"end":{"line":152,"column":null}},"44":{"start":{"line":152,"column":36},"end":{"line":152,"column":null}},"45":{"start":{"line":153,"column":6},"end":{"line":159,"column":null}},"46":{"start":{"line":161,"column":10},"end":{"line":161,"column":null}},"47":{"start":{"line":162,"column":4},"end":{"line":171,"column":null}},"48":{"start":{"line":163,"column":12},"end":{"line":163,"column":null}},"49":{"start":{"line":164,"column":6},"end":{"line":164,"column":null}},"50":{"start":{"line":164,"column":47},"end":{"line":164,"column":null}},"51":{"start":{"line":165,"column":6},"end":{"line":169,"column":null}},"52":{"start":{"line":168,"column":8},"end":{"line":168,"column":null}},"53":{"start":{"line":170,"column":6},"end":{"line":170,"column":null}},"54":{"start":{"line":173,"column":16},"end":{"line":173,"column":null}},"55":{"start":{"line":174,"column":19},"end":{"line":174,"column":null}},"56":{"start":{"line":175,"column":4},"end":{"line":177,"column":null}},"57":{"start":{"line":176,"column":6},"end":{"line":176,"column":null}},"58":{"start":{"line":178,"column":4},"end":{"line":178,"column":null}},"59":{"start":{"line":178,"column":37},"end":{"line":178,"column":null}},"60":{"start":{"line":179,"column":4},"end":{"line":179,"column":null}},"61":{"start":{"line":184,"column":10},"end":{"line":184,"column":null}},"62":{"start":{"line":185,"column":20},"end":{"line":185,"column":null}},"63":{"start":{"line":186,"column":4},"end":{"line":186,"column":null}},"64":{"start":{"line":186,"column":34},"end":{"line":186,"column":null}},"65":{"start":{"line":187,"column":4},"end":{"line":196,"column":null}},"66":{"start":{"line":201,"column":10},"end":{"line":201,"column":null}},"67":{"start":{"line":202,"column":4},"end":{"line":202,"column":null}},"68":{"start":{"line":202,"column":34},"end":{"line":202,"column":null}},"69":{"start":{"line":203,"column":16},"end":{"line":203,"column":null}},"70":{"start":{"line":204,"column":21},"end":{"line":204,"column":null}},"71":{"start":{"line":205,"column":16},"end":{"line":205,"column":null}},"72":{"start":{"line":206,"column":37},"end":{"line":209,"column":null}},"73":{"start":{"line":210,"column":4},"end":{"line":210,"column":null}},"74":{"start":{"line":210,"column":41},"end":{"line":210,"column":null}},"75":{"start":{"line":211,"column":4},"end":{"line":211,"column":null}},"76":{"start":{"line":220,"column":4},"end":{"line":224,"column":null}},"77":{"start":{"line":234,"column":20},"end":{"line":234,"column":null}},"78":{"start":{"line":235,"column":22},"end":{"line":235,"column":null}},"79":{"start":{"line":239,"column":27},"end":{"line":242,"column":null}},"80":{"start":{"line":243,"column":2},"end":{"line":253,"column":null}},"81":{"start":{"line":244,"column":4},"end":{"line":244,"column":null}},"82":{"start":{"line":247,"column":22},"end":{"line":247,"column":null}},"83":{"start":{"line":248,"column":4},"end":{"line":252,"column":null}},"84":{"start":{"line":249,"column":6},"end":{"line":251,"column":null}},"85":{"start":{"line":250,"column":8},"end":{"line":250,"column":null}}},"fnMap":{"0":{"name":"defaultPreProcRoot","decl":{"start":{"line":37,"column":16},"end":{"line":37,"column":45}},"loc":{"start":{"line":37,"column":45},"end":{"line":40,"column":null}},"line":37},"1":{"name":"currentConnectionAccount","decl":{"start":{"line":48,"column":15},"end":{"line":48,"column":66}},"loc":{"start":{"line":48,"column":66},"end":{"line":55,"column":null}},"line":48},"2":{"name":"appDirsOf","decl":{"start":{"line":73,"column":15},"end":{"line":73,"column":25}},"loc":{"start":{"line":73,"column":74},"end":{"line":84,"column":null}},"line":73},"3":{"name":"(anonymous_3)","decl":{"start":{"line":77,"column":66},"end":{"line":77,"column":null}},"loc":{"start":{"line":78,"column":6},"end":{"line":78,"column":93}},"line":78},"4":{"name":"(anonymous_4)","decl":{"start":{"line":78,"column":21},"end":{"line":78,"column":26}},"loc":{"start":{"line":78,"column":26},"end":{"line":78,"column":68}},"line":78},"5":{"name":"(anonymous_5)","decl":{"start":{"line":78,"column":74},"end":{"line":78,"column":79}},"loc":{"start":{"line":78,"column":79},"end":{"line":78,"column":85}},"line":78},"6":{"name":"(anonymous_6)","decl":{"start":{"line":83,"column":19},"end":{"line":83,"column":28}},"loc":{"start":{"line":83,"column":28},"end":{"line":83,"column":80}},"line":83},"7":{"name":"namespaceDirsOf","decl":{"start":{"line":87,"column":15},"end":{"line":87,"column":31}},"loc":{"start":{"line":87,"column":79},"end":{"line":96,"column":null}},"line":87},"8":{"name":"(anonymous_8)","decl":{"start":{"line":90,"column":69},"end":{"line":90,"column":null}},"loc":{"start":{"line":91,"column":6},"end":{"line":91,"column":93}},"line":91},"9":{"name":"(anonymous_9)","decl":{"start":{"line":91,"column":21},"end":{"line":91,"column":26}},"loc":{"start":{"line":91,"column":26},"end":{"line":91,"column":68}},"line":91},"10":{"name":"(anonymous_10)","decl":{"start":{"line":91,"column":74},"end":{"line":91,"column":79}},"loc":{"start":{"line":91,"column":79},"end":{"line":91,"column":85}},"line":91},"11":{"name":"(anonymous_11)","decl":{"start":{"line":95,"column":19},"end":{"line":95,"column":28}},"loc":{"start":{"line":95,"column":28},"end":{"line":95,"column":83}},"line":95},"12":{"name":"(anonymous_12)","decl":{"start":{"line":106,"column":10},"end":{"line":106,"column":11}},"loc":{"start":{"line":106,"column":28},"end":{"line":106,"column":null}},"line":106},"13":{"name":"(anonymous_13)","decl":{"start":{"line":107,"column":21},"end":{"line":107,"column":22}},"loc":{"start":{"line":107,"column":37},"end":{"line":107,"column":null}},"line":107},"14":{"name":"constructor","decl":{"start":{"line":111,"column":2},"end":{"line":111,"column":14}},"loc":{"start":{"line":111,"column":44},"end":{"line":115,"column":null}},"line":111},"15":{"name":"capability","decl":{"start":{"line":118,"column":2},"end":{"line":118,"column":42}},"loc":{"start":{"line":118,"column":42},"end":{"line":120,"column":null}},"line":118},"16":{"name":"list","decl":{"start":{"line":136,"column":16},"end":{"line":136,"column":21}},"loc":{"start":{"line":136,"column":85},"end":{"line":180,"column":null}},"line":136},"17":{"name":"namespaceListing","decl":{"start":{"line":183,"column":16},"end":{"line":183,"column":33}},"loc":{"start":{"line":183,"column":101},"end":{"line":197,"column":null}},"line":183},"18":{"name":"appLeafListing","decl":{"start":{"line":200,"column":16},"end":{"line":200,"column":31}},"loc":{"start":{"line":200,"column":115},"end":{"line":212,"column":null}},"line":200},"19":{"name":"createDirectory","decl":{"start":{"line":219,"column":16},"end":{"line":219,"column":32}},"loc":{"start":{"line":219,"column":77},"end":{"line":225,"column":null}},"line":219},"20":{"name":"apply","decl":{"start":{"line":238,"column":22},"end":{"line":238,"column":28}},"loc":{"start":{"line":238,"column":73},"end":{"line":254,"column":null}},"line":238},"21":{"name":"(anonymous_21)","decl":{"start":{"line":243,"column":19},"end":{"line":243,"column":31}},"loc":{"start":{"line":243,"column":31},"end":{"line":253,"column":5}},"line":243},"22":{"name":"(anonymous_22)","decl":{"start":{"line":248,"column":11},"end":{"line":248,"column":23}},"loc":{"start":{"line":248,"column":23},"end":{"line":252,"column":null}},"line":248}},"branchMap":{"0":{"loc":{"start":{"line":39,"column":9},"end":{"line":39,"column":null}},"type":"cond-expr","locations":[{"start":{"line":39,"column":38},"end":{"line":39,"column":58}},{"start":{"line":39,"column":54},"end":{"line":39,"column":null}}],"line":39},"1":{"loc":{"start":{"line":39,"column":9},"end":{"line":39,"column":43}},"type":"binary-expr","locations":[{"start":{"line":39,"column":9},"end":{"line":39,"column":30}},{"start":{"line":39,"column":30},"end":{"line":39,"column":43}}],"line":39},"2":{"loc":{"start":{"line":78,"column":26},"end":{"line":78,"column":68}},"type":"binary-expr","locations":[{"start":{"line":78,"column":26},"end":{"line":78,"column":45}},{"start":{"line":78,"column":45},"end":{"line":78,"column":68}}],"line":78},"3":{"loc":{"start":{"line":91,"column":26},"end":{"line":91,"column":68}},"type":"binary-expr","locations":[{"start":{"line":91,"column":26},"end":{"line":91,"column":45}},{"start":{"line":91,"column":45},"end":{"line":91,"column":68}}],"line":91},"4":{"loc":{"start":{"line":93,"column":105},"end":{"line":93,"column":159}},"type":"cond-expr","locations":[{"start":{"line":93,"column":130},"end":{"line":93,"column":146}},{"start":{"line":93,"column":146},"end":{"line":93,"column":159}}],"line":93},"5":{"loc":{"start":{"line":113,"column":24},"end":{"line":113,"column":66}},"type":"binary-expr","locations":[{"start":{"line":113,"column":24},"end":{"line":113,"column":46}},{"start":{"line":113,"column":46},"end":{"line":113,"column":66}}],"line":113},"6":{"loc":{"start":{"line":138,"column":4},"end":{"line":143,"column":null}},"type":"if","locations":[{"start":{"line":138,"column":4},"end":{"line":143,"column":null}},{"start":{},"end":{}}],"line":138},"7":{"loc":{"start":{"line":140,"column":6},"end":{"line":142,"column":null}},"type":"if","locations":[{"start":{"line":140,"column":6},"end":{"line":142,"column":null}},{"start":{},"end":{}}],"line":140},"8":{"loc":{"start":{"line":140,"column":10},"end":{"line":140,"column":61}},"type":"binary-expr","locations":[{"start":{"line":140,"column":10},"end":{"line":140,"column":29}},{"start":{"line":140,"column":29},"end":{"line":140,"column":61}}],"line":140},"9":{"loc":{"start":{"line":145,"column":15},"end":{"line":145,"column":null}},"type":"binary-expr","locations":[{"start":{"line":145,"column":15},"end":{"line":145,"column":26}},{"start":{"line":145,"column":26},"end":{"line":145,"column":null}}],"line":145},"10":{"loc":{"start":{"line":146,"column":4},"end":{"line":160,"column":null}},"type":"if","locations":[{"start":{"line":146,"column":4},"end":{"line":160,"column":null}},{"start":{},"end":{}}],"line":146},"11":{"loc":{"start":{"line":150,"column":6},"end":{"line":150,"column":null}},"type":"if","locations":[{"start":{"line":150,"column":6},"end":{"line":150,"column":null}},{"start":{},"end":{}}],"line":150},"12":{"loc":{"start":{"line":152,"column":6},"end":{"line":152,"column":null}},"type":"if","locations":[{"start":{"line":152,"column":6},"end":{"line":152,"column":null}},{"start":{},"end":{}}],"line":152},"13":{"loc":{"start":{"line":162,"column":4},"end":{"line":171,"column":null}},"type":"if","locations":[{"start":{"line":162,"column":4},"end":{"line":171,"column":null}},{"start":{},"end":{}}],"line":162},"14":{"loc":{"start":{"line":164,"column":6},"end":{"line":164,"column":null}},"type":"if","locations":[{"start":{"line":164,"column":6},"end":{"line":164,"column":null}},{"start":{},"end":{}}],"line":164},"15":{"loc":{"start":{"line":164,"column":10},"end":{"line":164,"column":47}},"type":"binary-expr","locations":[{"start":{"line":164,"column":10},"end":{"line":164,"column":29}},{"start":{"line":164,"column":29},"end":{"line":164,"column":47}}],"line":164},"16":{"loc":{"start":{"line":165,"column":6},"end":{"line":169,"column":null}},"type":"if","locations":[{"start":{"line":165,"column":6},"end":{"line":169,"column":null}},{"start":{},"end":{}}],"line":165},"17":{"loc":{"start":{"line":173,"column":16},"end":{"line":173,"column":null}},"type":"cond-expr","locations":[{"start":{"line":173,"column":34},"end":{"line":173,"column":39}},{"start":{"line":173,"column":39},"end":{"line":173,"column":null}}],"line":173},"18":{"loc":{"start":{"line":175,"column":4},"end":{"line":177,"column":null}},"type":"if","locations":[{"start":{"line":175,"column":4},"end":{"line":177,"column":null}},{"start":{},"end":{}}],"line":175},"19":{"loc":{"start":{"line":175,"column":8},"end":{"line":175,"column":47}},"type":"binary-expr","locations":[{"start":{"line":175,"column":8},"end":{"line":175,"column":32}},{"start":{"line":175,"column":32},"end":{"line":175,"column":47}}],"line":175},"20":{"loc":{"start":{"line":178,"column":4},"end":{"line":178,"column":null}},"type":"if","locations":[{"start":{"line":178,"column":4},"end":{"line":178,"column":null}},{"start":{},"end":{}}],"line":178},"21":{"loc":{"start":{"line":186,"column":4},"end":{"line":186,"column":null}},"type":"if","locations":[{"start":{"line":186,"column":4},"end":{"line":186,"column":null}},{"start":{},"end":{}}],"line":186},"22":{"loc":{"start":{"line":202,"column":4},"end":{"line":202,"column":null}},"type":"if","locations":[{"start":{"line":202,"column":4},"end":{"line":202,"column":null}},{"start":{},"end":{}}],"line":202},"23":{"loc":{"start":{"line":203,"column":16},"end":{"line":203,"column":null}},"type":"cond-expr","locations":[{"start":{"line":203,"column":49},"end":{"line":203,"column":82}},{"start":{"line":203,"column":82},"end":{"line":203,"column":null}}],"line":203},"24":{"loc":{"start":{"line":205,"column":16},"end":{"line":205,"column":null}},"type":"cond-expr","locations":[{"start":{"line":205,"column":41},"end":{"line":205,"column":55}},{"start":{"line":205,"column":55},"end":{"line":205,"column":null}}],"line":205},"25":{"loc":{"start":{"line":210,"column":4},"end":{"line":210,"column":null}},"type":"if","locations":[{"start":{"line":210,"column":4},"end":{"line":210,"column":null}},{"start":{},"end":{}}],"line":210},"26":{"loc":{"start":{"line":210,"column":8},"end":{"line":210,"column":41}},"type":"binary-expr","locations":[{"start":{"line":210,"column":8},"end":{"line":210,"column":29}},{"start":{"line":210,"column":29},"end":{"line":210,"column":41}}],"line":210},"27":{"loc":{"start":{"line":240,"column":7},"end":{"line":240,"column":null}},"type":"cond-expr","locations":[{"start":{"line":240,"column":42},"end":{"line":240,"column":47}},{"start":{"line":240,"column":47},"end":{"line":240,"column":null}}],"line":240},"28":{"loc":{"start":{"line":241,"column":7},"end":{"line":241,"column":null}},"type":"cond-expr","locations":[{"start":{"line":241,"column":40},"end":{"line":241,"column":45}},{"start":{"line":241,"column":45},"end":{"line":241,"column":null}}],"line":241},"29":{"loc":{"start":{"line":249,"column":6},"end":{"line":251,"column":null}},"type":"if","locations":[{"start":{"line":249,"column":6},"end":{"line":251,"column":null}},{"start":{},"end":{}}],"line":249}},"s":{"0":0,"1":0,"2":0,"3":0,"4":0,"5":0,"6":0,"7":0,"8":0,"9":0,"10":0,"11":0,"12":0,"13":0,"14":0,"15":0,"16":0,"17":0,"18":0,"19":0,"20":0,"21":0,"22":0,"23":0,"24":0,"25":0,"26":0,"27":0,"28":0,"29":0,"30":0,"31":0,"32":0,"33":0,"34":0,"35":0,"36":0,"37":0,"38":0,"39":0,"40":0,"41":0,"42":0,"43":0,"44":0,"45":0,"46":0,"47":0,"48":0,"49":0,"50":0,"51":0,"52":0,"53":0,"54":0,"55":0,"56":0,"57":0,"58":0,"59":0,"60":0,"61":0,"62":0,"63":0,"64":0,"65":0,"66":0,"67":0,"68":0,"69":0,"70":0,"71":0,"72":0,"73":0,"74":0,"75":0,"76":0,"77":0,"78":0,"79":0,"80":0,"81":0,"82":0,"83":0,"84":0,"85":0},"f":{"0":0,"1":0,"2":0,"3":0,"4":0,"5":0,"6":0,"7":0,"8":0,"9":0,"10":0,"11":0,"12":0,"13":0,"14":0,"15":0,"16":0,"17":0,"18":0,"19":0,"20":0,"21":0,"22":0},"b":{"0":[0,0],"1":[0,0],"2":[0,0],"3":[0,0],"4":[0,0],"5":[0,0],"6":[0,0],"7":[0,0],"8":[0,0],"9":[0,0],"10":[0,0],"11":[0,0],"12":[0,0],"13":[0,0],"14":[0,0],"15":[0,0],"16":[0,0],"17":[0,0],"18":[0,0],"19":[0,0],"20":[0,0],"21":[0,0],"22":[0,0],"23":[0,0],"24":[0,0],"25":[0,0],"26":[0,0],"27":[0,0],"28":[0,0],"29":[0,0]},"meta":{"lastBranch":30,"lastFunction":23,"lastStatement":86,"seen":{"f:37:16:37:45":0,"s:38:14:38:Infinity":0,"s:39:2:39:Infinity":1,"b:39:38:39:58:39:54:39:Infinity":0,"b:39:9:39:30:39:30:39:43":1,"f:48:15:48:66":1,"s:49:2:54:Infinity":2,"s:50:23:50:Infinity":3,"s:51:4:51:Infinity":4,"s:53:4:53:Infinity":5,"s:67:33:70:Infinity":6,"f:73:15:73:25":2,"s:74:8:74:Infinity":7,"s:76:2:82:Infinity":8,"s:77:4:78:Infinity":9,"f:77:66:77:Infinity":3,"s:78:6:78:93":10,"f:78:21:78:26":4,"s:78:26:78:68":11,"b:78:26:78:45:78:45:78:68":2,"f:78:74:78:79":5,"s:78:79:78:85":12,"s:81:4:81:Infinity":13,"s:83:2:83:Infinity":14,"f:83:19:83:28":6,"s:83:28:83:80":15,"f:87:15:87:31":7,"s:89:2:94:Infinity":16,"s:90:4:91:Infinity":17,"f:90:69:90:Infinity":8,"s:91:6:91:93":18,"f:91:21:91:26":9,"s:91:26:91:68":19,"b:91:26:91:45:91:45:91:68":3,"f:91:74:91:79":10,"s:91:79:91:85":20,"s:93:4:93:Infinity":21,"b:93:130:93:146:93:146:93:159":4,"s:95:2:95:Infinity":22,"f:95:19:95:28":11,"s:95:28:95:83":23,"s:100:33:100:Infinity":24,"s:104:65:108:Infinity":25,"f:106:10:106:11":12,"s:106:28:106:Infinity":26,"f:107:21:107:22":13,"s:107:37:107:Infinity":27,"f:111:2:111:14":14,"s:112:4:112:Infinity":28,"s:113:4:113:Infinity":29,"b:113:24:113:46:113:46:113:66":5,"s:114:4:114:Infinity":30,"f:118:2:118:42":15,"s:119:4:119:Infinity":31,"f:136:16:136:21":16,"s:137:17:137:Infinity":32,"b:138:4:143:Infinity:undefined:undefined:undefined:undefined":6,"s:138:4:143:Infinity":33,"s:139:12:139:Infinity":34,"b:140:6:142:Infinity:undefined:undefined:undefined:undefined":7,"s:140:6:142:Infinity":35,"b:140:10:140:29:140:29:140:61":8,"s:141:8:141:Infinity":36,"s:144:20:144:Infinity":37,"s:145:15:145:Infinity":38,"b:145:15:145:26:145:26:145:Infinity":9,"b:146:4:160:Infinity:undefined:undefined:undefined:undefined":10,"s:146:4:160:Infinity":39,"b:150:6:150:Infinity:undefined:undefined:undefined:undefined":11,"s:150:6:150:Infinity":40,"s:150:28:150:Infinity":41,"s:151:22:151:Infinity":42,"b:152:6:152:Infinity:undefined:undefined:undefined:undefined":12,"s:152:6:152:Infinity":43,"s:152:36:152:Infinity":44,"s:153:6:159:Infinity":45,"s:161:10:161:Infinity":46,"b:162:4:171:Infinity:undefined:undefined:undefined:undefined":13,"s:162:4:171:Infinity":47,"s:163:12:163:Infinity":48,"b:164:6:164:Infinity:undefined:undefined:undefined:undefined":14,"s:164:6:164:Infinity":49,"b:164:10:164:29:164:29:164:47":15,"s:164:47:164:Infinity":50,"b:165:6:169:Infinity:undefined:undefined:undefined:undefined":16,"s:165:6:169:Infinity":51,"s:168:8:168:Infinity":52,"s:170:6:170:Infinity":53,"s:173:16:173:Infinity":54,"b:173:34:173:39:173:39:173:Infinity":17,"s:174:19:174:Infinity":55,"b:175:4:177:Infinity:undefined:undefined:undefined:undefined":18,"s:175:4:177:Infinity":56,"b:175:8:175:32:175:32:175:47":19,"s:176:6:176:Infinity":57,"b:178:4:178:Infinity:undefined:undefined:undefined:undefined":20,"s:178:4:178:Infinity":58,"s:178:37:178:Infinity":59,"s:179:4:179:Infinity":60,"f:183:16:183:33":17,"s:184:10:184:Infinity":61,"s:185:20:185:Infinity":62,"b:186:4:186:Infinity:undefined:undefined:undefined:undefined":21,"s:186:4:186:Infinity":63,"s:186:34:186:Infinity":64,"s:187:4:196:Infinity":65,"f:200:16:200:31":18,"s:201:10:201:Infinity":66,"b:202:4:202:Infinity:undefined:undefined:undefined:undefined":22,"s:202:4:202:Infinity":67,"s:202:34:202:Infinity":68,"s:203:16:203:Infinity":69,"b:203:49:203:82:203:82:203:Infinity":23,"s:204:21:204:Infinity":70,"s:205:16:205:Infinity":71,"b:205:41:205:55:205:55:205:Infinity":24,"s:206:37:209:Infinity":72,"b:210:4:210:Infinity:undefined:undefined:undefined:undefined":25,"s:210:4:210:Infinity":73,"b:210:8:210:29:210:29:210:41":26,"s:210:41:210:Infinity":74,"s:211:4:211:Infinity":75,"f:219:16:219:32":19,"s:220:4:224:Infinity":76,"s:234:20:234:Infinity":77,"s:235:22:235:Infinity":78,"f:238:22:238:28":20,"s:239:27:242:Infinity":79,"b:240:42:240:47:240:47:240:Infinity":27,"b:241:40:241:45:241:45:241:Infinity":28,"s:243:2:253:Infinity":80,"f:243:19:243:31":21,"s:244:4:244:Infinity":81,"s:247:22:247:Infinity":82,"s:248:4:252:Infinity":83,"f:248:11:248:23":22,"b:249:6:251:Infinity:undefined:undefined:undefined:undefined":29,"s:249:6:251:Infinity":84,"s:250:8:250:Infinity":85},"fnNames":{}}}
,"/Users/william.d.zk/WorkSpace/dsh-alioth/packages/alioth/auth-alioth/src/index.ts": {"path":"/Users/william.d.zk/WorkSpace/dsh-alioth/packages/alioth/auth-alioth/src/index.ts","statementMap":{"0":{"start":{"line":51,"column":2},"end":{"line":51,"column":null}},"1":{"start":{"line":54,"column":20},"end":{"line":54,"column":null}},"2":{"start":{"line":55,"column":22},"end":{"line":55,"column":null}},"3":{"start":{"line":79,"column":13},"end":{"line":79,"column":null}},"4":{"start":{"line":80,"column":2},"end":{"line":80,"column":null}},"5":{"start":{"line":89,"column":2},"end":{"line":96,"column":null}},"6":{"start":{"line":90,"column":19},"end":{"line":90,"column":null}},"7":{"start":{"line":91,"column":4},"end":{"line":93,"column":null}},"8":{"start":{"line":95,"column":4},"end":{"line":95,"column":null}},"9":{"start":{"line":99,"column":33},"end":{"line":106,"column":null}},"10":{"start":{"line":129,"column":29},"end":{"line":129,"column":null}},"11":{"start":{"line":133,"column":19},"end":{"line":133,"column":null}},"12":{"start":{"line":134,"column":15},"end":{"line":135,"column":null}},"13":{"start":{"line":135,"column":4},"end":{"line":135,"column":104}},"14":{"start":{"line":135,"column":28},"end":{"line":135,"column":78}},"15":{"start":{"line":135,"column":93},"end":{"line":135,"column":103}},"16":{"start":{"line":135,"column":118},"end":{"line":135,"column":120}},"17":{"start":{"line":136,"column":31},"end":{"line":136,"column":null}},"18":{"start":{"line":137,"column":2},"end":{"line":144,"column":null}},"19":{"start":{"line":138,"column":4},"end":{"line":143,"column":null}},"20":{"start":{"line":139,"column":21},"end":{"line":139,"column":null}},"21":{"start":{"line":140,"column":6},"end":{"line":140,"column":null}},"22":{"start":{"line":142,"column":6},"end":{"line":142,"column":null}},"23":{"start":{"line":145,"column":2},"end":{"line":145,"column":null}},"24":{"start":{"line":145,"column":22},"end":{"line":145,"column":50}},"25":{"start":{"line":146,"column":2},"end":{"line":146,"column":null}},"26":{"start":{"line":152,"column":2},"end":{"line":155,"column":null}},"27":{"start":{"line":166,"column":2},"end":{"line":166,"column":null}},"28":{"start":{"line":199,"column":2},"end":{"line":199,"column":null}},"29":{"start":{"line":206,"column":40},"end":{"line":206,"column":null}},"30":{"start":{"line":207,"column":21},"end":{"line":207,"column":null}},"31":{"start":{"line":208,"column":22},"end":{"line":208,"column":null}},"32":{"start":{"line":209,"column":16},"end":{"line":209,"column":null}},"33":{"start":{"line":210,"column":22},"end":{"line":210,"column":null}},"34":{"start":{"line":211,"column":21},"end":{"line":211,"column":null}},"35":{"start":{"line":221,"column":4},"end":{"line":223,"column":null}},"36":{"start":{"line":222,"column":6},"end":{"line":222,"column":null}},"37":{"start":{"line":224,"column":4},"end":{"line":227,"column":null}},"38":{"start":{"line":231,"column":21},"end":{"line":428,"column":null}},"39":{"start":{"line":234,"column":6},"end":{"line":236,"column":null}},"40":{"start":{"line":235,"column":8},"end":{"line":235,"column":null}},"41":{"start":{"line":239,"column":6},"end":{"line":241,"column":null}},"42":{"start":{"line":240,"column":8},"end":{"line":240,"column":null}},"43":{"start":{"line":242,"column":23},"end":{"line":242,"column":null}},"44":{"start":{"line":243,"column":6},"end":{"line":245,"column":null}},"45":{"start":{"line":244,"column":8},"end":{"line":244,"column":null}},"46":{"start":{"line":246,"column":24},"end":{"line":246,"column":null}},"47":{"start":{"line":247,"column":23},"end":{"line":247,"column":null}},"48":{"start":{"line":248,"column":6},"end":{"line":250,"column":null}},"49":{"start":{"line":249,"column":8},"end":{"line":249,"column":null}},"50":{"start":{"line":253,"column":19},"end":{"line":259,"column":null}},"51":{"start":{"line":260,"column":6},"end":{"line":260,"column":null}},"52":{"start":{"line":263,"column":6},"end":{"line":263,"column":null}},"53":{"start":{"line":264,"column":12},"end":{"line":264,"column":null}},"54":{"start":{"line":265,"column":24},"end":{"line":265,"column":null}},"55":{"start":{"line":266,"column":6},"end":{"line":266,"column":null}},"56":{"start":{"line":267,"column":6},"end":{"line":267,"column":null}},"57":{"start":{"line":272,"column":19},"end":{"line":272,"column":null}},"58":{"start":{"line":273,"column":6},"end":{"line":275,"column":null}},"59":{"start":{"line":274,"column":8},"end":{"line":274,"column":null}},"60":{"start":{"line":276,"column":12},"end":{"line":276,"column":null}},"61":{"start":{"line":277,"column":24},"end":{"line":277,"column":null}},"62":{"start":{"line":278,"column":6},"end":{"line":278,"column":null}},"63":{"start":{"line":279,"column":6},"end":{"line":279,"column":null}},"64":{"start":{"line":284,"column":6},"end":{"line":286,"column":null}},"65":{"start":{"line":285,"column":8},"end":{"line":285,"column":null}},"66":{"start":{"line":287,"column":22},"end":{"line":287,"column":null}},"67":{"start":{"line":288,"column":6},"end":{"line":290,"column":null}},"68":{"start":{"line":289,"column":8},"end":{"line":289,"column":null}},"69":{"start":{"line":291,"column":19},"end":{"line":291,"column":null}},"70":{"start":{"line":292,"column":6},"end":{"line":292,"column":null}},"71":{"start":{"line":296,"column":6},"end":{"line":298,"column":null}},"72":{"start":{"line":297,"column":8},"end":{"line":297,"column":null}},"73":{"start":{"line":308,"column":6},"end":{"line":308,"column":null}},"74":{"start":{"line":312,"column":22},"end":{"line":312,"column":null}},"75":{"start":{"line":313,"column":6},"end":{"line":315,"column":null}},"76":{"start":{"line":314,"column":8},"end":{"line":314,"column":null}},"77":{"start":{"line":317,"column":19},"end":{"line":317,"column":null}},"78":{"start":{"line":318,"column":6},"end":{"line":320,"column":null}},"79":{"start":{"line":319,"column":8},"end":{"line":319,"column":null}},"80":{"start":{"line":321,"column":6},"end":{"line":321,"column":null}},"81":{"start":{"line":326,"column":6},"end":{"line":326,"column":null}},"82":{"start":{"line":331,"column":21},"end":{"line":334,"column":null}},"83":{"start":{"line":335,"column":6},"end":{"line":338,"column":null}},"84":{"start":{"line":336,"column":22},"end":{"line":336,"column":null}},"85":{"start":{"line":337,"column":8},"end":{"line":337,"column":null}},"86":{"start":{"line":337,"column":28},"end":{"line":337,"column":null}},"87":{"start":{"line":343,"column":20},"end":{"line":343,"column":null}},"88":{"start":{"line":343,"column":71},"end":{"line":343,"column":111}},"89":{"start":{"line":344,"column":6},"end":{"line":344,"column":null}},"90":{"start":{"line":344,"column":31},"end":{"line":344,"column":null}},"91":{"start":{"line":345,"column":24},"end":{"line":345,"column":null}},"92":{"start":{"line":346,"column":6},"end":{"line":346,"column":null}},"93":{"start":{"line":346,"column":30},"end":{"line":346,"column":null}},"94":{"start":{"line":347,"column":19},"end":{"line":347,"column":null}},"95":{"start":{"line":348,"column":6},"end":{"line":348,"column":null}},"96":{"start":{"line":353,"column":6},"end":{"line":353,"column":null}},"97":{"start":{"line":366,"column":6},"end":{"line":368,"column":null}},"98":{"start":{"line":367,"column":8},"end":{"line":367,"column":null}},"99":{"start":{"line":369,"column":6},"end":{"line":371,"column":null}},"100":{"start":{"line":370,"column":8},"end":{"line":370,"column":null}},"101":{"start":{"line":372,"column":6},"end":{"line":374,"column":null}},"102":{"start":{"line":373,"column":8},"end":{"line":373,"column":null}},"103":{"start":{"line":375,"column":6},"end":{"line":375,"column":null}},"104":{"start":{"line":376,"column":6},"end":{"line":381,"column":null}},"105":{"start":{"line":392,"column":19},"end":{"line":392,"column":null}},"106":{"start":{"line":396,"column":6},"end":{"line":396,"column":null}},"107":{"start":{"line":399,"column":28},"end":{"line":402,"column":null}},"108":{"start":{"line":401,"column":10},"end":{"line":401,"column":110}},"109":{"start":{"line":401,"column":34},"end":{"line":401,"column":84}},"110":{"start":{"line":401,"column":99},"end":{"line":401,"column":109}},"111":{"start":{"line":401,"column":124},"end":{"line":401,"column":126}},"112":{"start":{"line":406,"column":29},"end":{"line":409,"column":null}},"113":{"start":{"line":408,"column":27},"end":{"line":408,"column":40}},"114":{"start":{"line":410,"column":42},"end":{"line":410,"column":null}},"115":{"start":{"line":411,"column":6},"end":{"line":424,"column":null}},"116":{"start":{"line":412,"column":8},"end":{"line":414,"column":null}},"117":{"start":{"line":413,"column":10},"end":{"line":413,"column":null}},"118":{"start":{"line":415,"column":8},"end":{"line":417,"column":null}},"119":{"start":{"line":416,"column":10},"end":{"line":416,"column":null}},"120":{"start":{"line":418,"column":8},"end":{"line":423,"column":null}},"121":{"start":{"line":425,"column":6},"end":{"line":425,"column":null}},"122":{"start":{"line":425,"column":32},"end":{"line":425,"column":70}},"123":{"start":{"line":426,"column":6},"end":{"line":426,"column":null}},"124":{"start":{"line":431,"column":2},"end":{"line":445,"column":null}},"125":{"start":{"line":432,"column":4},"end":{"line":434,"column":null}},"126":{"start":{"line":433,"column":6},"end":{"line":433,"column":null}},"127":{"start":{"line":435,"column":17},"end":{"line":435,"column":null}},"128":{"start":{"line":436,"column":22},"end":{"line":436,"column":null}},"129":{"start":{"line":437,"column":4},"end":{"line":439,"column":null}},"130":{"start":{"line":438,"column":6},"end":{"line":438,"column":null}},"131":{"start":{"line":440,"column":20},"end":{"line":440,"column":null}},"132":{"start":{"line":441,"column":4},"end":{"line":443,"column":null}},"133":{"start":{"line":442,"column":6},"end":{"line":442,"column":null}},"134":{"start":{"line":444,"column":4},"end":{"line":444,"column":null}},"135":{"start":{"line":449,"column":20},"end":{"line":449,"column":null}},"136":{"start":{"line":450,"column":4},"end":{"line":452,"column":null}},"137":{"start":{"line":451,"column":6},"end":{"line":451,"column":null}},"138":{"start":{"line":453,"column":17},"end":{"line":453,"column":null}},"139":{"start":{"line":454,"column":4},"end":{"line":454,"column":null}},"140":{"start":{"line":462,"column":2},"end":{"line":471,"column":null}},"141":{"start":{"line":463,"column":4},"end":{"line":470,"column":null}},"142":{"start":{"line":464,"column":19},"end":{"line":464,"column":null}},"143":{"start":{"line":465,"column":6},"end":{"line":467,"column":null}},"144":{"start":{"line":466,"column":8},"end":{"line":466,"column":null}},"145":{"start":{"line":468,"column":6},"end":{"line":468,"column":null}},"146":{"start":{"line":469,"column":6},"end":{"line":469,"column":null}},"147":{"start":{"line":473,"column":2},"end":{"line":473,"column":null}},"148":{"start":{"line":480,"column":4},"end":{"line":485,"column":null}},"149":{"start":{"line":481,"column":6},"end":{"line":481,"column":null}},"150":{"start":{"line":482,"column":6},"end":{"line":482,"column":null}},"151":{"start":{"line":486,"column":4},"end":{"line":486,"column":null}},"152":{"start":{"line":490,"column":20},"end":{"line":491,"column":null}},"153":{"start":{"line":491,"column":4},"end":{"line":491,"column":null}},"154":{"start":{"line":491,"column":28},"end":{"line":491,"column":49}},"155":{"start":{"line":491,"column":49},"end":{"line":491,"column":68}},"156":{"start":{"line":492,"column":2},"end":{"line":492,"column":null}},"157":{"start":{"line":493,"column":2},"end":{"line":493,"column":null}},"158":{"start":{"line":494,"column":2},"end":{"line":494,"column":null}},"159":{"start":{"line":495,"column":2},"end":{"line":495,"column":null}},"160":{"start":{"line":496,"column":2},"end":{"line":496,"column":null}},"161":{"start":{"line":497,"column":2},"end":{"line":497,"column":null}},"162":{"start":{"line":505,"column":2},"end":{"line":553,"column":null}},"163":{"start":{"line":525,"column":32},"end":{"line":528,"column":null}},"164":{"start":{"line":531,"column":22},"end":{"line":531,"column":null}},"165":{"start":{"line":532,"column":6},"end":{"line":534,"column":null}},"166":{"start":{"line":533,"column":8},"end":{"line":533,"column":null}},"167":{"start":{"line":535,"column":19},"end":{"line":535,"column":null}},"168":{"start":{"line":536,"column":6},"end":{"line":538,"column":null}},"169":{"start":{"line":537,"column":8},"end":{"line":537,"column":null}},"170":{"start":{"line":539,"column":6},"end":{"line":539,"column":null}},"171":{"start":{"line":540,"column":6},"end":{"line":545,"column":null}},"172":{"start":{"line":547,"column":27},"end":{"line":552,"column":null}}},"fnMap":{"0":{"name":"namespaceFor","decl":{"start":{"line":50,"column":16},"end":{"line":50,"column":29}},"loc":{"start":{"line":50,"column":55},"end":{"line":52,"column":null}},"line":50},"1":{"name":"namespaceFromWorkspacePath","decl":{"start":{"line":78,"column":9},"end":{"line":78,"column":36}},"loc":{"start":{"line":78,"column":65},"end":{"line":81,"column":null}},"line":78},"2":{"name":"workspaceRegistryOf","decl":{"start":{"line":88,"column":9},"end":{"line":88,"column":29}},"loc":{"start":{"line":88,"column":78},"end":{"line":97,"column":null}},"line":88},"3":{"name":"listWorkspaceApps","decl":{"start":{"line":132,"column":15},"end":{"line":132,"column":33}},"loc":{"start":{"line":132,"column":98},"end":{"line":147,"column":null}},"line":132},"4":{"name":"(anonymous_4)","decl":{"start":{"line":134,"column":69},"end":{"line":134,"column":null}},"loc":{"start":{"line":135,"column":4},"end":{"line":135,"column":104}},"line":135},"5":{"name":"(anonymous_5)","decl":{"start":{"line":135,"column":19},"end":{"line":135,"column":28}},"loc":{"start":{"line":135,"column":28},"end":{"line":135,"column":78}},"line":135},"6":{"name":"(anonymous_6)","decl":{"start":{"line":135,"column":84},"end":{"line":135,"column":93}},"loc":{"start":{"line":135,"column":93},"end":{"line":135,"column":103}},"line":135},"7":{"name":"(anonymous_7)","decl":{"start":{"line":135,"column":112},"end":{"line":135,"column":118}},"loc":{"start":{"line":135,"column":118},"end":{"line":135,"column":120}},"line":135},"8":{"name":"(anonymous_8)","decl":{"start":{"line":145,"column":12},"end":{"line":145,"column":13}},"loc":{"start":{"line":145,"column":22},"end":{"line":145,"column":50}},"line":145},"9":{"name":"defaultRoots","decl":{"start":{"line":151,"column":9},"end":{"line":151,"column":61}},"loc":{"start":{"line":151,"column":61},"end":{"line":156,"column":null}},"line":151},"10":{"name":"resolveWorkspaceMode","decl":{"start":{"line":163,"column":16},"end":{"line":163,"column":37}},"loc":{"start":{"line":163,"column":102},"end":{"line":167,"column":null}},"line":163},"11":{"name":"hashToken","decl":{"start":{"line":198,"column":16},"end":{"line":198,"column":26}},"loc":{"start":{"line":198,"column":49},"end":{"line":200,"column":null}},"line":198},"12":{"name":"apply","decl":{"start":{"line":202,"column":16},"end":{"line":202,"column":22}},"loc":{"start":{"line":202,"column":58},"end":{"line":554,"column":null}},"line":202},"13":{"name":"ensureWorkspace","decl":{"start":{"line":220,"column":17},"end":{"line":220,"column":33}},"loc":{"start":{"line":220,"column":67},"end":{"line":228,"column":null}},"line":220},"14":{"name":"register","decl":{"start":{"line":233,"column":10},"end":{"line":233,"column":19}},"loc":{"start":{"line":233,"column":126},"end":{"line":268,"column":null}},"line":233},"15":{"name":"login","decl":{"start":{"line":271,"column":10},"end":{"line":271,"column":16}},"loc":{"start":{"line":271,"column":123},"end":{"line":280,"column":null}},"line":271},"16":{"name":"userForToken","decl":{"start":{"line":283,"column":10},"end":{"line":283,"column":23}},"loc":{"start":{"line":283,"column":138},"end":{"line":293,"column":null}},"line":283},"17":{"name":"logout","decl":{"start":{"line":295,"column":10},"end":{"line":295,"column":17}},"loc":{"start":{"line":295,"column":54},"end":{"line":299,"column":null}},"line":295},"18":{"name":"authorizeNamespace","decl":{"start":{"line":307,"column":10},"end":{"line":307,"column":29}},"loc":{"start":{"line":307,"column":87},"end":{"line":322,"column":null}},"line":307},"19":{"name":"bind","decl":{"start":{"line":325,"column":10},"end":{"line":325,"column":15}},"loc":{"start":{"line":325,"column":64},"end":{"line":327,"column":null}},"line":325},"20":{"name":"userForSessionId","decl":{"start":{"line":330,"column":10},"end":{"line":330,"column":27}},"loc":{"start":{"line":330,"column":109},"end":{"line":349,"column":null}},"line":330},"21":{"name":"(anonymous_21)","decl":{"start":{"line":343,"column":58},"end":{"line":343,"column":71}},"loc":{"start":{"line":343,"column":71},"end":{"line":343,"column":111}},"line":343},"22":{"name":"workspaceMode","decl":{"start":{"line":352,"column":4},"end":{"line":352,"column":46}},"loc":{"start":{"line":352,"column":46},"end":{"line":354,"column":null}},"line":352},"23":{"name":"createWorkspace","decl":{"start":{"line":365,"column":10},"end":{"line":365,"column":26}},"loc":{"start":{"line":365,"column":69},"end":{"line":382,"column":null}},"line":365},"24":{"name":"workspaces","decl":{"start":{"line":391,"column":10},"end":{"line":391,"column":21}},"loc":{"start":{"line":391,"column":102},"end":{"line":427,"column":null}},"line":391},"25":{"name":"(anonymous_25)","decl":{"start":{"line":400,"column":67},"end":{"line":400,"column":null}},"loc":{"start":{"line":401,"column":10},"end":{"line":401,"column":110}},"line":401},"26":{"name":"(anonymous_26)","decl":{"start":{"line":401,"column":25},"end":{"line":401,"column":34}},"loc":{"start":{"line":401,"column":34},"end":{"line":401,"column":84}},"line":401},"27":{"name":"(anonymous_27)","decl":{"start":{"line":401,"column":90},"end":{"line":401,"column":99}},"loc":{"start":{"line":401,"column":99},"end":{"line":401,"column":109}},"line":401},"28":{"name":"(anonymous_28)","decl":{"start":{"line":401,"column":118},"end":{"line":401,"column":124}},"loc":{"start":{"line":401,"column":124},"end":{"line":401,"column":126}},"line":401},"29":{"name":"(anonymous_29)","decl":{"start":{"line":408,"column":20},"end":{"line":408,"column":27}},"loc":{"start":{"line":408,"column":27},"end":{"line":408,"column":40}},"line":408},"30":{"name":"(anonymous_30)","decl":{"start":{"line":425,"column":22},"end":{"line":425,"column":23}},"loc":{"start":{"line":425,"column":32},"end":{"line":425,"column":70}},"line":425},"31":{"name":"(anonymous_31)","decl":{"start":{"line":431,"column":30},"end":{"line":431,"column":37}},"loc":{"start":{"line":431,"column":52},"end":{"line":445,"column":3}},"line":431},"32":{"name":"ownNamespace","decl":{"start":{"line":448,"column":17},"end":{"line":448,"column":30}},"loc":{"start":{"line":448,"column":75},"end":{"line":455,"column":null}},"line":448},"33":{"name":"(anonymous_33)","decl":{"start":{"line":463,"column":29},"end":{"line":463,"column":36}},"loc":{"start":{"line":463,"column":56},"end":{"line":470,"column":5}},"line":463},"34":{"name":"ensureReady","decl":{"start":{"line":479,"column":17},"end":{"line":479,"column":46}},"loc":{"start":{"line":479,"column":46},"end":{"line":487,"column":null}},"line":479},"35":{"name":"(anonymous_35)","decl":{"start":{"line":480,"column":22},"end":{"line":480,"column":34}},"loc":{"start":{"line":480,"column":34},"end":{"line":485,"column":7}},"line":480},"36":{"name":"(anonymous_36)","decl":{"start":{"line":490,"column":20},"end":{"line":490,"column":45}},"loc":{"start":{"line":491,"column":4},"end":{"line":491,"column":null}},"line":491},"37":{"name":"(anonymous_37)","decl":{"start":{"line":491,"column":4},"end":{"line":491,"column":14}},"loc":{"start":{"line":491,"column":26},"end":{"line":491,"column":null}},"line":491},"38":{"name":"(anonymous_38)","decl":{"start":{"line":525,"column":14},"end":{"line":525,"column":15}},"loc":{"start":{"line":525,"column":32},"end":{"line":528,"column":null}},"line":525},"39":{"name":"execute","decl":{"start":{"line":530,"column":10},"end":{"line":530,"column":18}},"loc":{"start":{"line":530,"column":47},"end":{"line":546,"column":null}},"line":530},"40":{"name":"(anonymous_40)","decl":{"start":{"line":547,"column":17},"end":{"line":547,"column":27}},"loc":{"start":{"line":547,"column":27},"end":{"line":552,"column":null}},"line":547}},"branchMap":{"0":{"loc":{"start":{"line":80,"column":9},"end":{"line":80,"column":null}},"type":"cond-expr","locations":[{"start":{"line":80,"column":28},"end":{"line":80,"column":35}},{"start":{"line":80,"column":35},"end":{"line":80,"column":null}}],"line":80},"1":{"loc":{"start":{"line":91,"column":11},"end":{"line":93,"column":null}},"type":"cond-expr","locations":[{"start":{"line":92,"column":8},"end":{"line":92,"column":null}},{"start":{"line":93,"column":8},"end":{"line":93,"column":null}}],"line":91},"2":{"loc":{"start":{"line":91,"column":11},"end":{"line":91,"column":null}},"type":"binary-expr","locations":[{"start":{"line":91,"column":11},"end":{"line":91,"column":40}},{"start":{"line":91,"column":40},"end":{"line":91,"column":58}},{"start":{"line":91,"column":58},"end":{"line":91,"column":null}}],"line":91},"3":{"loc":{"start":{"line":135,"column":28},"end":{"line":135,"column":78}},"type":"binary-expr","locations":[{"start":{"line":135,"column":28},"end":{"line":135,"column":51}},{"start":{"line":135,"column":51},"end":{"line":135,"column":78}}],"line":135},"4":{"loc":{"start":{"line":140,"column":24},"end":{"line":140,"column":77}},"type":"cond-expr","locations":[{"start":{"line":140,"column":58},"end":{"line":140,"column":72}},{"start":{"line":140,"column":72},"end":{"line":140,"column":77}}],"line":140},"5":{"loc":{"start":{"line":140,"column":83},"end":{"line":140,"column":134}},"type":"cond-expr","locations":[{"start":{"line":140,"column":117},"end":{"line":140,"column":131}},{"start":{"line":140,"column":131},"end":{"line":140,"column":134}}],"line":140},"6":{"loc":{"start":{"line":153,"column":13},"end":{"line":153,"column":null}},"type":"binary-expr","locations":[{"start":{"line":153,"column":13},"end":{"line":153,"column":49}},{"start":{"line":153,"column":49},"end":{"line":153,"column":null}}],"line":153},"7":{"loc":{"start":{"line":154,"column":12},"end":{"line":154,"column":null}},"type":"binary-expr","locations":[{"start":{"line":154,"column":12},"end":{"line":154,"column":46}},{"start":{"line":154,"column":46},"end":{"line":154,"column":null}}],"line":154},"8":{"loc":{"start":{"line":206,"column":40},"end":{"line":206,"column":null}},"type":"cond-expr","locations":[{"start":{"line":206,"column":85},"end":{"line":206,"column":97}},{"start":{"line":206,"column":97},"end":{"line":206,"column":null}}],"line":206},"9":{"loc":{"start":{"line":207,"column":21},"end":{"line":207,"column":null}},"type":"binary-expr","locations":[{"start":{"line":207,"column":21},"end":{"line":207,"column":49}},{"start":{"line":207,"column":49},"end":{"line":207,"column":null}}],"line":207},"10":{"loc":{"start":{"line":208,"column":33},"end":{"line":208,"column":86}},"type":"binary-expr","locations":[{"start":{"line":208,"column":33},"end":{"line":208,"column":59}},{"start":{"line":208,"column":59},"end":{"line":208,"column":86}}],"line":208},"11":{"loc":{"start":{"line":210,"column":35},"end":{"line":210,"column":70}},"type":"binary-expr","locations":[{"start":{"line":210,"column":35},"end":{"line":210,"column":57}},{"start":{"line":210,"column":57},"end":{"line":210,"column":70}}],"line":210},"12":{"loc":{"start":{"line":211,"column":34},"end":{"line":211,"column":67}},"type":"binary-expr","locations":[{"start":{"line":211,"column":34},"end":{"line":211,"column":55}},{"start":{"line":211,"column":55},"end":{"line":211,"column":67}}],"line":211},"13":{"loc":{"start":{"line":221,"column":4},"end":{"line":223,"column":null}},"type":"if","locations":[{"start":{"line":221,"column":4},"end":{"line":223,"column":null}},{"start":{},"end":{}}],"line":221},"14":{"loc":{"start":{"line":234,"column":6},"end":{"line":236,"column":null}},"type":"if","locations":[{"start":{"line":234,"column":6},"end":{"line":236,"column":null}},{"start":{},"end":{}}],"line":234},"15":{"loc":{"start":{"line":239,"column":6},"end":{"line":241,"column":null}},"type":"if","locations":[{"start":{"line":239,"column":6},"end":{"line":241,"column":null}},{"start":{},"end":{}}],"line":239},"16":{"loc":{"start":{"line":243,"column":6},"end":{"line":245,"column":null}},"type":"if","locations":[{"start":{"line":243,"column":6},"end":{"line":245,"column":null}},{"start":{},"end":{}}],"line":243},"17":{"loc":{"start":{"line":248,"column":6},"end":{"line":250,"column":null}},"type":"if","locations":[{"start":{"line":248,"column":6},"end":{"line":250,"column":null}},{"start":{},"end":{}}],"line":248},"18":{"loc":{"start":{"line":273,"column":6},"end":{"line":275,"column":null}},"type":"if","locations":[{"start":{"line":273,"column":6},"end":{"line":275,"column":null}},{"start":{},"end":{}}],"line":273},"19":{"loc":{"start":{"line":273,"column":10},"end":{"line":273,"column":81}},"type":"binary-expr","locations":[{"start":{"line":273,"column":10},"end":{"line":273,"column":27}},{"start":{"line":273,"column":27},"end":{"line":273,"column":81}}],"line":273},"20":{"loc":{"start":{"line":284,"column":6},"end":{"line":286,"column":null}},"type":"if","locations":[{"start":{"line":284,"column":6},"end":{"line":286,"column":null}},{"start":{},"end":{}}],"line":284},"21":{"loc":{"start":{"line":288,"column":6},"end":{"line":290,"column":null}},"type":"if","locations":[{"start":{"line":288,"column":6},"end":{"line":290,"column":null}},{"start":{},"end":{}}],"line":288},"22":{"loc":{"start":{"line":288,"column":10},"end":{"line":288,"column":82}},"type":"binary-expr","locations":[{"start":{"line":288,"column":10},"end":{"line":288,"column":30}},{"start":{"line":288,"column":30},"end":{"line":288,"column":82}}],"line":288},"23":{"loc":{"start":{"line":292,"column":13},"end":{"line":292,"column":null}},"type":"cond-expr","locations":[{"start":{"line":292,"column":29},"end":{"line":292,"column":36}},{"start":{"line":292,"column":36},"end":{"line":292,"column":null}}],"line":292},"24":{"loc":{"start":{"line":296,"column":6},"end":{"line":298,"column":null}},"type":"if","locations":[{"start":{"line":296,"column":6},"end":{"line":298,"column":null}},{"start":{},"end":{}}],"line":296},"25":{"loc":{"start":{"line":313,"column":6},"end":{"line":315,"column":null}},"type":"if","locations":[{"start":{"line":313,"column":6},"end":{"line":315,"column":null}},{"start":{},"end":{}}],"line":313},"26":{"loc":{"start":{"line":318,"column":6},"end":{"line":320,"column":null}},"type":"if","locations":[{"start":{"line":318,"column":6},"end":{"line":320,"column":null}},{"start":{},"end":{}}],"line":318},"27":{"loc":{"start":{"line":335,"column":6},"end":{"line":338,"column":null}},"type":"if","locations":[{"start":{"line":335,"column":6},"end":{"line":338,"column":null}},{"start":{},"end":{}}],"line":335},"28":{"loc":{"start":{"line":337,"column":8},"end":{"line":337,"column":null}},"type":"if","locations":[{"start":{"line":337,"column":8},"end":{"line":337,"column":null}},{"start":{},"end":{}}],"line":337},"29":{"loc":{"start":{"line":344,"column":6},"end":{"line":344,"column":null}},"type":"if","locations":[{"start":{"line":344,"column":6},"end":{"line":344,"column":null}},{"start":{},"end":{}}],"line":344},"30":{"loc":{"start":{"line":346,"column":6},"end":{"line":346,"column":null}},"type":"if","locations":[{"start":{"line":346,"column":6},"end":{"line":346,"column":null}},{"start":{},"end":{}}],"line":346},"31":{"loc":{"start":{"line":348,"column":13},"end":{"line":348,"column":null}},"type":"cond-expr","locations":[{"start":{"line":348,"column":29},"end":{"line":348,"column":36}},{"start":{"line":348,"column":36},"end":{"line":348,"column":null}}],"line":348},"32":{"loc":{"start":{"line":366,"column":6},"end":{"line":368,"column":null}},"type":"if","locations":[{"start":{"line":366,"column":6},"end":{"line":368,"column":null}},{"start":{},"end":{}}],"line":366},"33":{"loc":{"start":{"line":369,"column":6},"end":{"line":371,"column":null}},"type":"if","locations":[{"start":{"line":369,"column":6},"end":{"line":371,"column":null}},{"start":{},"end":{}}],"line":369},"34":{"loc":{"start":{"line":372,"column":6},"end":{"line":374,"column":null}},"type":"if","locations":[{"start":{"line":372,"column":6},"end":{"line":374,"column":null}},{"start":{},"end":{}}],"line":372},"35":{"loc":{"start":{"line":399,"column":28},"end":{"line":402,"column":null}},"type":"cond-expr","locations":[{"start":{"line":400,"column":10},"end":{"line":401,"column":null}},{"start":{"line":402,"column":10},"end":{"line":402,"column":null}}],"line":399},"36":{"loc":{"start":{"line":401,"column":34},"end":{"line":401,"column":84}},"type":"binary-expr","locations":[{"start":{"line":401,"column":34},"end":{"line":401,"column":57}},{"start":{"line":401,"column":57},"end":{"line":401,"column":84}}],"line":401},"37":{"loc":{"start":{"line":406,"column":29},"end":{"line":409,"column":null}},"type":"cond-expr","locations":[{"start":{"line":406,"column":38},"end":{"line":408,"column":null}},{"start":{"line":409,"column":10},"end":{"line":409,"column":null}}],"line":406},"38":{"loc":{"start":{"line":412,"column":8},"end":{"line":414,"column":null}},"type":"if","locations":[{"start":{"line":412,"column":8},"end":{"line":414,"column":null}},{"start":{},"end":{}}],"line":412},"39":{"loc":{"start":{"line":415,"column":8},"end":{"line":417,"column":null}},"type":"if","locations":[{"start":{"line":415,"column":8},"end":{"line":417,"column":null}},{"start":{},"end":{}}],"line":415},"40":{"loc":{"start":{"line":415,"column":12},"end":{"line":415,"column":102}},"type":"binary-expr","locations":[{"start":{"line":415,"column":12},"end":{"line":415,"column":35}},{"start":{"line":415,"column":35},"end":{"line":415,"column":65}},{"start":{"line":415,"column":65},"end":{"line":415,"column":102}}],"line":415},"41":{"loc":{"start":{"line":432,"column":4},"end":{"line":434,"column":null}},"type":"if","locations":[{"start":{"line":432,"column":4},"end":{"line":434,"column":null}},{"start":{},"end":{}}],"line":432},"42":{"loc":{"start":{"line":436,"column":22},"end":{"line":436,"column":null}},"type":"cond-expr","locations":[{"start":{"line":436,"column":59},"end":{"line":436,"column":76}},{"start":{"line":436,"column":76},"end":{"line":436,"column":null}}],"line":436},"43":{"loc":{"start":{"line":437,"column":4},"end":{"line":439,"column":null}},"type":"if","locations":[{"start":{"line":437,"column":4},"end":{"line":439,"column":null}},{"start":{},"end":{}}],"line":437},"44":{"loc":{"start":{"line":441,"column":4},"end":{"line":443,"column":null}},"type":"if","locations":[{"start":{"line":441,"column":4},"end":{"line":443,"column":null}},{"start":{},"end":{}}],"line":441},"45":{"loc":{"start":{"line":444,"column":117},"end":{"line":444,"column":151}},"type":"binary-expr","locations":[{"start":{"line":444,"column":117},"end":{"line":444,"column":145}},{"start":{"line":444,"column":145},"end":{"line":444,"column":151}}],"line":444},"46":{"loc":{"start":{"line":450,"column":4},"end":{"line":452,"column":null}},"type":"if","locations":[{"start":{"line":450,"column":4},"end":{"line":452,"column":null}},{"start":{},"end":{}}],"line":450},"47":{"loc":{"start":{"line":454,"column":11},"end":{"line":454,"column":null}},"type":"binary-expr","locations":[{"start":{"line":454,"column":11},"end":{"line":454,"column":30}},{"start":{"line":454,"column":30},"end":{"line":454,"column":null}}],"line":454},"48":{"loc":{"start":{"line":462,"column":2},"end":{"line":471,"column":null}},"type":"if","locations":[{"start":{"line":462,"column":2},"end":{"line":471,"column":null}},{"start":{},"end":{}}],"line":462},"49":{"loc":{"start":{"line":465,"column":6},"end":{"line":467,"column":null}},"type":"if","locations":[{"start":{"line":465,"column":6},"end":{"line":467,"column":null}},{"start":{},"end":{}}],"line":465},"50":{"loc":{"start":{"line":532,"column":6},"end":{"line":534,"column":null}},"type":"if","locations":[{"start":{"line":532,"column":6},"end":{"line":534,"column":null}},{"start":{},"end":{}}],"line":532},"51":{"loc":{"start":{"line":536,"column":6},"end":{"line":538,"column":null}},"type":"if","locations":[{"start":{"line":536,"column":6},"end":{"line":538,"column":null}},{"start":{},"end":{}}],"line":536}},"s":{"0":12,"1":1,"2":1,"3":0,"4":0,"5":2,"6":2,"7":2,"8":0,"9":1,"10":1,"11":7,"12":7,"13":3,"14":6,"15":6,"16":4,"17":7,"18":7,"19":6,"20":6,"21":3,"22":3,"23":7,"24":3,"25":7,"26":1,"27":13,"28":75,"29":1,"30":1,"31":1,"32":1,"33":1,"34":1,"35":19,"36":0,"37":19,"38":1,"39":15,"40":2,"41":13,"42":0,"43":13,"44":13,"45":1,"46":12,"47":12,"48":12,"49":0,"50":12,"51":12,"52":12,"53":12,"54":12,"55":12,"56":12,"57":17,"58":17,"59":4,"60":13,"61":13,"62":13,"63":13,"64":54,"65":9,"66":45,"67":45,"68":7,"69":38,"70":38,"71":2,"72":2,"73":0,"74":0,"75":0,"76":0,"77":0,"78":0,"79":0,"80":0,"81":3,"82":5,"83":5,"84":3,"85":3,"86":3,"87":2,"88":0,"89":5,"90":2,"91":0,"92":0,"93":0,"94":0,"95":0,"96":4,"97":2,"98":2,"99":0,"100":0,"101":0,"102":0,"103":0,"104":0,"105":7,"106":7,"107":7,"108":0,"109":0,"110":0,"111":0,"112":7,"113":61,"114":7,"115":7,"116":7,"117":0,"118":7,"119":0,"120":7,"121":7,"122":0,"123":7,"124":1,"125":0,"126":0,"127":0,"128":0,"129":0,"130":0,"131":0,"132":0,"133":0,"134":0,"135":0,"136":0,"137":0,"138":0,"139":0,"140":1,"141":1,"142":0,"143":0,"144":0,"145":0,"146":0,"147":1,"148":96,"149":1,"150":1,"151":96,"152":1,"153":6,"154":96,"155":96,"156":1,"157":1,"158":1,"159":1,"160":1,"161":1,"162":1,"163":0,"164":0,"165":0,"166":0,"167":0,"168":0,"169":0,"170":0,"171":0,"172":0},"f":{"0":12,"1":0,"2":2,"3":7,"4":3,"5":6,"6":6,"7":4,"8":3,"9":1,"10":13,"11":75,"12":1,"13":19,"14":15,"15":17,"16":54,"17":2,"18":0,"19":3,"20":5,"21":0,"22":4,"23":2,"24":7,"25":0,"26":0,"27":0,"28":0,"29":61,"30":0,"31":0,"32":0,"33":0,"34":96,"35":1,"36":6,"37":96,"38":0,"39":0,"40":0},"b":{"0":[0,0],"1":[0,2],"2":[2,0,0],"3":[6,6],"4":[3,0],"5":[3,0],"6":[1,1],"7":[1,1],"8":[0,1],"9":[1,0],"10":[1,0],"11":[1,0],"12":[1,0],"13":[0,19],"14":[2,13],"15":[0,13],"16":[1,12],"17":[0,12],"18":[4,13],"19":[17,15],"20":[9,45],"21":[7,38],"22":[45,38],"23":[0,38],"24":[2,0],"25":[0,0],"26":[0,0],"27":[3,2],"28":[3,0],"29":[2,3],"30":[0,0],"31":[0,0],"32":[2,0],"33":[0,0],"34":[0,0],"35":[0,7],"36":[0,0],"37":[7,0],"38":[0,7],"39":[0,7],"40":[7,7,7],"41":[0,0],"42":[0,0],"43":[0,0],"44":[0,0],"45":[0,0],"46":[0,0],"47":[0,0],"48":[1,0],"49":[0,0],"50":[0,0],"51":[0,0]},"meta":{"lastBranch":52,"lastFunction":41,"lastStatement":173,"seen":{"f:50:16:50:29":0,"s:51:2:51:Infinity":0,"s:54:20:54:Infinity":1,"s:55:22:55:Infinity":2,"f:78:9:78:36":1,"s:79:13:79:Infinity":3,"s:80:2:80:Infinity":4,"b:80:28:80:35:80:35:80:Infinity":0,"f:88:9:88:29":2,"s:89:2:96:Infinity":5,"s:90:19:90:Infinity":6,"s:91:4:93:Infinity":7,"b:92:8:92:Infinity:93:8:93:Infinity":1,"b:91:11:91:40:91:40:91:58:91:58:91:Infinity":2,"s:95:4:95:Infinity":8,"s:99:33:106:Infinity":9,"s:129:29:129:Infinity":10,"f:132:15:132:33":3,"s:133:19:133:Infinity":11,"s:134:15:135:Infinity":12,"f:134:69:134:Infinity":4,"s:135:4:135:104":13,"f:135:19:135:28":5,"s:135:28:135:78":14,"b:135:28:135:51:135:51:135:78":3,"f:135:84:135:93":6,"s:135:93:135:103":15,"f:135:112:135:118":7,"s:135:118:135:120":16,"s:136:31:136:Infinity":17,"s:137:2:144:Infinity":18,"s:138:4:143:Infinity":19,"s:139:21:139:Infinity":20,"s:140:6:140:Infinity":21,"b:140:58:140:72:140:72:140:77":4,"b:140:117:140:131:140:131:140:134":5,"s:142:6:142:Infinity":22,"s:145:2:145:Infinity":23,"f:145:12:145:13":8,"s:145:22:145:50":24,"s:146:2:146:Infinity":25,"f:151:9:151:61":9,"s:152:2:155:Infinity":26,"b:153:13:153:49:153:49:153:Infinity":6,"b:154:12:154:46:154:46:154:Infinity":7,"f:163:16:163:37":10,"s:166:2:166:Infinity":27,"f:198:16:198:26":11,"s:199:2:199:Infinity":28,"f:202:16:202:22":12,"s:206:40:206:Infinity":29,"b:206:85:206:97:206:97:206:Infinity":8,"s:207:21:207:Infinity":30,"b:207:21:207:49:207:49:207:Infinity":9,"s:208:22:208:Infinity":31,"b:208:33:208:59:208:59:208:86":10,"s:209:16:209:Infinity":32,"s:210:22:210:Infinity":33,"b:210:35:210:57:210:57:210:70":11,"s:211:21:211:Infinity":34,"b:211:34:211:55:211:55:211:67":12,"f:220:17:220:33":13,"b:221:4:223:Infinity:undefined:undefined:undefined:undefined":13,"s:221:4:223:Infinity":35,"s:222:6:222:Infinity":36,"s:224:4:227:Infinity":37,"s:231:21:428:Infinity":38,"f:233:10:233:19":14,"b:234:6:236:Infinity:undefined:undefined:undefined:undefined":14,"s:234:6:236:Infinity":39,"s:235:8:235:Infinity":40,"b:239:6:241:Infinity:undefined:undefined:undefined:undefined":15,"s:239:6:241:Infinity":41,"s:240:8:240:Infinity":42,"s:242:23:242:Infinity":43,"b:243:6:245:Infinity:undefined:undefined:undefined:undefined":16,"s:243:6:245:Infinity":44,"s:244:8:244:Infinity":45,"s:246:24:246:Infinity":46,"s:247:23:247:Infinity":47,"b:248:6:250:Infinity:undefined:undefined:undefined:undefined":17,"s:248:6:250:Infinity":48,"s:249:8:249:Infinity":49,"s:253:19:259:Infinity":50,"s:260:6:260:Infinity":51,"s:263:6:263:Infinity":52,"s:264:12:264:Infinity":53,"s:265:24:265:Infinity":54,"s:266:6:266:Infinity":55,"s:267:6:267:Infinity":56,"f:271:10:271:16":15,"s:272:19:272:Infinity":57,"b:273:6:275:Infinity:undefined:undefined:undefined:undefined":18,"s:273:6:275:Infinity":58,"b:273:10:273:27:273:27:273:81":19,"s:274:8:274:Infinity":59,"s:276:12:276:Infinity":60,"s:277:24:277:Infinity":61,"s:278:6:278:Infinity":62,"s:279:6:279:Infinity":63,"f:283:10:283:23":16,"b:284:6:286:Infinity:undefined:undefined:undefined:undefined":20,"s:284:6:286:Infinity":64,"s:285:8:285:Infinity":65,"s:287:22:287:Infinity":66,"b:288:6:290:Infinity:undefined:undefined:undefined:undefined":21,"s:288:6:290:Infinity":67,"b:288:10:288:30:288:30:288:82":22,"s:289:8:289:Infinity":68,"s:291:19:291:Infinity":69,"s:292:6:292:Infinity":70,"b:292:29:292:36:292:36:292:Infinity":23,"f:295:10:295:17":17,"b:296:6:298:Infinity:undefined:undefined:undefined:undefined":24,"s:296:6:298:Infinity":71,"s:297:8:297:Infinity":72,"f:307:10:307:29":18,"s:308:6:308:Infinity":73,"s:312:22:312:Infinity":74,"b:313:6:315:Infinity:undefined:undefined:undefined:undefined":25,"s:313:6:315:Infinity":75,"s:314:8:314:Infinity":76,"s:317:19:317:Infinity":77,"b:318:6:320:Infinity:undefined:undefined:undefined:undefined":26,"s:318:6:320:Infinity":78,"s:319:8:319:Infinity":79,"s:321:6:321:Infinity":80,"f:325:10:325:15":19,"s:326:6:326:Infinity":81,"f:330:10:330:27":20,"s:331:21:334:Infinity":82,"b:335:6:338:Infinity:undefined:undefined:undefined:undefined":27,"s:335:6:338:Infinity":83,"s:336:22:336:Infinity":84,"b:337:8:337:Infinity:undefined:undefined:undefined:undefined":28,"s:337:8:337:Infinity":85,"s:337:28:337:Infinity":86,"s:343:20:343:Infinity":87,"f:343:58:343:71":21,"s:343:71:343:111":88,"b:344:6:344:Infinity:undefined:undefined:undefined:undefined":29,"s:344:6:344:Infinity":89,"s:344:31:344:Infinity":90,"s:345:24:345:Infinity":91,"b:346:6:346:Infinity:undefined:undefined:undefined:undefined":30,"s:346:6:346:Infinity":92,"s:346:30:346:Infinity":93,"s:347:19:347:Infinity":94,"s:348:6:348:Infinity":95,"b:348:29:348:36:348:36:348:Infinity":31,"f:352:4:352:46":22,"s:353:6:353:Infinity":96,"f:365:10:365:26":23,"b:366:6:368:Infinity:undefined:undefined:undefined:undefined":32,"s:366:6:368:Infinity":97,"s:367:8:367:Infinity":98,"b:369:6:371:Infinity:undefined:undefined:undefined:undefined":33,"s:369:6:371:Infinity":99,"s:370:8:370:Infinity":100,"b:372:6:374:Infinity:undefined:undefined:undefined:undefined":34,"s:372:6:374:Infinity":101,"s:373:8:373:Infinity":102,"s:375:6:375:Infinity":103,"s:376:6:381:Infinity":104,"f:391:10:391:21":24,"s:392:19:392:Infinity":105,"s:396:6:396:Infinity":106,"s:399:28:402:Infinity":107,"b:400:10:401:Infinity:402:10:402:Infinity":35,"f:400:67:400:Infinity":25,"s:401:10:401:110":108,"f:401:25:401:34":26,"s:401:34:401:84":109,"b:401:34:401:57:401:57:401:84":36,"f:401:90:401:99":27,"s:401:99:401:109":110,"f:401:118:401:124":28,"s:401:124:401:126":111,"s:406:29:409:Infinity":112,"b:406:38:408:Infinity:409:10:409:Infinity":37,"f:408:20:408:27":29,"s:408:27:408:40":113,"s:410:42:410:Infinity":114,"s:411:6:424:Infinity":115,"b:412:8:414:Infinity:undefined:undefined:undefined:undefined":38,"s:412:8:414:Infinity":116,"s:413:10:413:Infinity":117,"b:415:8:417:Infinity:undefined:undefined:undefined:undefined":39,"s:415:8:417:Infinity":118,"b:415:12:415:35:415:35:415:65:415:65:415:102":40,"s:416:10:416:Infinity":119,"s:418:8:423:Infinity":120,"s:425:6:425:Infinity":121,"f:425:22:425:23":30,"s:425:32:425:70":122,"s:426:6:426:Infinity":123,"s:431:2:445:Infinity":124,"f:431:30:431:37":31,"b:432:4:434:Infinity:undefined:undefined:undefined:undefined":41,"s:432:4:434:Infinity":125,"s:433:6:433:Infinity":126,"s:435:17:435:Infinity":127,"s:436:22:436:Infinity":128,"b:436:59:436:76:436:76:436:Infinity":42,"b:437:4:439:Infinity:undefined:undefined:undefined:undefined":43,"s:437:4:439:Infinity":129,"s:438:6:438:Infinity":130,"s:440:20:440:Infinity":131,"b:441:4:443:Infinity:undefined:undefined:undefined:undefined":44,"s:441:4:443:Infinity":132,"s:442:6:442:Infinity":133,"s:444:4:444:Infinity":134,"b:444:117:444:145:444:145:444:151":45,"f:448:17:448:30":32,"s:449:20:449:Infinity":135,"b:450:4:452:Infinity:undefined:undefined:undefined:undefined":46,"s:450:4:452:Infinity":136,"s:451:6:451:Infinity":137,"s:453:17:453:Infinity":138,"s:454:4:454:Infinity":139,"b:454:11:454:30:454:30:454:Infinity":47,"b:462:2:471:Infinity:undefined:undefined:undefined:undefined":48,"s:462:2:471:Infinity":140,"s:463:4:470:Infinity":141,"f:463:29:463:36":33,"s:464:19:464:Infinity":142,"b:465:6:467:Infinity:undefined:undefined:undefined:undefined":49,"s:465:6:467:Infinity":143,"s:466:8:466:Infinity":144,"s:468:6:468:Infinity":145,"s:469:6:469:Infinity":146,"s:473:2:473:Infinity":147,"f:479:17:479:46":34,"s:480:4:485:Infinity":148,"f:480:22:480:34":35,"s:481:6:481:Infinity":149,"s:482:6:482:Infinity":150,"s:486:4:486:Infinity":151,"s:490:20:491:Infinity":152,"f:490:20:490:45":36,"s:491:4:491:Infinity":153,"f:491:4:491:14":37,"s:491:28:491:49":154,"s:491:49:491:68":155,"s:492:2:492:Infinity":156,"s:493:2:493:Infinity":157,"s:494:2:494:Infinity":158,"s:495:2:495:Infinity":159,"s:496:2:496:Infinity":160,"s:497:2:497:Infinity":161,"s:505:2:553:Infinity":162,"f:525:14:525:15":38,"s:525:32:528:Infinity":163,"f:530:10:530:18":39,"s:531:22:531:Infinity":164,"b:532:6:534:Infinity:undefined:undefined:undefined:undefined":50,"s:532:6:534:Infinity":165,"s:533:8:533:Infinity":166,"s:535:19:535:Infinity":167,"b:536:6:538:Infinity:undefined:undefined:undefined:undefined":51,"s:536:6:538:Infinity":168,"s:537:8:537:Infinity":169,"s:539:6:539:Infinity":170,"s:540:6:545:Infinity":171,"f:547:17:547:27":40,"s:547:27:552:Infinity":172},"fnNames":{}}}
,"/Users/william.d.zk/WorkSpace/dsh-alioth/packages/alioth/auth-alioth/src/password.ts": {"path":"/Users/william.d.zk/WorkSpace/dsh-alioth/packages/alioth/auth-alioth/src/password.ts","statementMap":{"0":{"start":{"line":10,"column":10},"end":{"line":10,"column":null}},"1":{"start":{"line":11,"column":10},"end":{"line":11,"column":null}},"2":{"start":{"line":12,"column":10},"end":{"line":12,"column":null}},"3":{"start":{"line":13,"column":19},"end":{"line":13,"column":null}},"4":{"start":{"line":14,"column":20},"end":{"line":14,"column":null}},"5":{"start":{"line":17,"column":2},"end":{"line":25,"column":null}},"6":{"start":{"line":18,"column":4},"end":{"line":24,"column":null}},"7":{"start":{"line":19,"column":6},"end":{"line":23,"column":null}},"8":{"start":{"line":20,"column":8},"end":{"line":20,"column":null}},"9":{"start":{"line":22,"column":8},"end":{"line":22,"column":null}},"10":{"start":{"line":29,"column":8},"end":{"line":29,"column":null}},"11":{"start":{"line":30,"column":2},"end":{"line":31,"column":null}},"12":{"start":{"line":31,"column":4},"end":{"line":31,"column":80}},"13":{"start":{"line":35,"column":16},"end":{"line":35,"column":null}},"14":{"start":{"line":36,"column":2},"end":{"line":38,"column":null}},"15":{"start":{"line":37,"column":4},"end":{"line":37,"column":null}},"16":{"start":{"line":39,"column":40},"end":{"line":39,"column":null}},"17":{"start":{"line":40,"column":19},"end":{"line":40,"column":null}},"18":{"start":{"line":41,"column":17},"end":{"line":43,"column":null}},"19":{"start":{"line":44,"column":2},"end":{"line":44,"column":null}}},"fnMap":{"0":{"name":"scryptAsync","decl":{"start":{"line":16,"column":9},"end":{"line":16,"column":21}},"loc":{"start":{"line":16,"column":132},"end":{"line":26,"column":null}},"line":16},"1":{"name":"(anonymous_1)","decl":{"start":{"line":17,"column":21},"end":{"line":17,"column":22}},"loc":{"start":{"line":17,"column":42},"end":{"line":25,"column":3}},"line":17},"2":{"name":"(anonymous_2)","decl":{"start":{"line":18,"column":52},"end":{"line":18,"column":53}},"loc":{"start":{"line":18,"column":68},"end":{"line":24,"column":5}},"line":18},"3":{"name":"hashPassword","decl":{"start":{"line":28,"column":16},"end":{"line":28,"column":29}},"loc":{"start":{"line":28,"column":64},"end":{"line":32,"column":null}},"line":28},"4":{"name":"(anonymous_4)","decl":{"start":{"line":30,"column":73},"end":{"line":30,"column":null}},"loc":{"start":{"line":31,"column":4},"end":{"line":31,"column":80}},"line":31},"5":{"name":"verifyPassword","decl":{"start":{"line":34,"column":22},"end":{"line":34,"column":37}},"loc":{"start":{"line":34,"column":90},"end":{"line":45,"column":null}},"line":34}},"branchMap":{"0":{"loc":{"start":{"line":19,"column":6},"end":{"line":23,"column":null}},"type":"if","locations":[{"start":{"line":19,"column":6},"end":{"line":23,"column":null}},{"start":{"line":21,"column":13},"end":{"line":23,"column":null}}],"line":19},"1":{"loc":{"start":{"line":36,"column":2},"end":{"line":38,"column":null}},"type":"if","locations":[{"start":{"line":36,"column":2},"end":{"line":38,"column":null}},{"start":{},"end":{}}],"line":36},"2":{"loc":{"start":{"line":36,"column":6},"end":{"line":36,"column":51}},"type":"binary-expr","locations":[{"start":{"line":36,"column":6},"end":{"line":36,"column":28}},{"start":{"line":36,"column":28},"end":{"line":36,"column":51}}],"line":36}},"s":{"0":1,"1":1,"2":1,"3":1,"4":1,"5":27,"6":27,"7":27,"8":0,"9":27,"10":12,"11":12,"12":12,"13":15,"14":15,"15":0,"16":15,"17":15,"18":15,"19":15},"f":{"0":27,"1":27,"2":27,"3":12,"4":12,"5":15},"b":{"0":[0,27],"1":[0,15],"2":[15,15]},"meta":{"lastBranch":3,"lastFunction":6,"lastStatement":20,"seen":{"s:10:10:10:Infinity":0,"s:11:10:11:Infinity":1,"s:12:10:12:Infinity":2,"s:13:19:13:Infinity":3,"s:14:20:14:Infinity":4,"f:16:9:16:21":0,"s:17:2:25:Infinity":5,"f:17:21:17:22":1,"s:18:4:24:Infinity":6,"f:18:52:18:53":2,"b:19:6:23:Infinity:21:13:23:Infinity":0,"s:19:6:23:Infinity":7,"s:20:8:20:Infinity":8,"s:22:8:22:Infinity":9,"f:28:16:28:29":3,"s:29:8:29:Infinity":10,"s:30:2:31:Infinity":11,"f:30:73:30:Infinity":4,"s:31:4:31:80":12,"f:34:22:34:37":5,"s:35:16:35:Infinity":13,"b:36:2:38:Infinity:undefined:undefined:undefined:undefined":1,"s:36:2:38:Infinity":14,"b:36:6:36:28:36:28:36:51":2,"s:37:4:37:Infinity":15,"s:39:40:39:Infinity":16,"s:40:19:40:Infinity":17,"s:41:17:43:Infinity":18,"s:44:2:44:Infinity":19},"fnNames":{}}}
,"/Users/william.d.zk/WorkSpace/dsh-alioth/packages/alioth/auth-alioth/src/store.ts": {"path":"/Users/william.d.zk/WorkSpace/dsh-alioth/packages/alioth/auth-alioth/src/store.ts","statementMap":{"0":{"start":{"line":27,"column":27},"end":{"line":27,"column":null}},"1":{"start":{"line":31,"column":2},"end":{"line":48,"column":null}},"2":{"start":{"line":55,"column":2},"end":{"line":59,"column":null}},"3":{"start":{"line":63,"column":17},"end":{"line":67,"column":null}},"4":{"start":{"line":68,"column":2},"end":{"line":68,"column":null}},"5":{"start":{"line":72,"column":17},"end":{"line":76,"column":null}},"6":{"start":{"line":77,"column":2},"end":{"line":77,"column":null}},"7":{"start":{"line":81,"column":17},"end":{"line":85,"column":null}},"8":{"start":{"line":86,"column":2},"end":{"line":86,"column":null}},"9":{"start":{"line":93,"column":2},"end":{"line":97,"column":null}},"10":{"start":{"line":101,"column":17},"end":{"line":105,"column":null}},"11":{"start":{"line":106,"column":2},"end":{"line":106,"column":null}},"12":{"start":{"line":110,"column":2},"end":{"line":113,"column":null}},"13":{"start":{"line":117,"column":2},"end":{"line":117,"column":null}},"14":{"start":{"line":121,"column":2},"end":{"line":121,"column":null}}},"fnMap":{"0":{"name":"ensureAuthSchema","decl":{"start":{"line":30,"column":22},"end":{"line":30,"column":39}},"loc":{"start":{"line":30,"column":68},"end":{"line":49,"column":null}},"line":30},"1":{"name":"insertUser","decl":{"start":{"line":51,"column":22},"end":{"line":51,"column":null}},"loc":{"start":{"line":54,"column":17},"end":{"line":60,"column":null}},"line":54},"2":{"name":"userByUsername","decl":{"start":{"line":62,"column":22},"end":{"line":62,"column":37}},"loc":{"start":{"line":62,"column":94},"end":{"line":69,"column":null}},"line":62},"3":{"name":"userById","decl":{"start":{"line":71,"column":22},"end":{"line":71,"column":31}},"loc":{"start":{"line":71,"column":82},"end":{"line":78,"column":null}},"line":71},"4":{"name":"userByNamespace","decl":{"start":{"line":80,"column":22},"end":{"line":80,"column":38}},"loc":{"start":{"line":80,"column":96},"end":{"line":87,"column":null}},"line":80},"5":{"name":"insertSession","decl":{"start":{"line":89,"column":22},"end":{"line":89,"column":null}},"loc":{"start":{"line":92,"column":17},"end":{"line":98,"column":null}},"line":92},"6":{"name":"sessionByTokenHash","decl":{"start":{"line":100,"column":22},"end":{"line":100,"column":41}},"loc":{"start":{"line":100,"column":102},"end":{"line":107,"column":null}},"line":100},"7":{"name":"bindSession","decl":{"start":{"line":109,"column":22},"end":{"line":109,"column":34}},"loc":{"start":{"line":109,"column":101},"end":{"line":114,"column":null}},"line":109},"8":{"name":"deleteSession","decl":{"start":{"line":116,"column":22},"end":{"line":116,"column":36}},"loc":{"start":{"line":116,"column":84},"end":{"line":118,"column":null}},"line":116},"9":{"name":"deleteExpiredSessions","decl":{"start":{"line":120,"column":22},"end":{"line":120,"column":44}},"loc":{"start":{"line":120,"column":73},"end":{"line":122,"column":null}},"line":120}},"branchMap":{"0":{"loc":{"start":{"line":68,"column":9},"end":{"line":68,"column":null}},"type":"binary-expr","locations":[{"start":{"line":68,"column":9},"end":{"line":68,"column":27}},{"start":{"line":68,"column":27},"end":{"line":68,"column":null}}],"line":68},"1":{"loc":{"start":{"line":77,"column":9},"end":{"line":77,"column":null}},"type":"binary-expr","locations":[{"start":{"line":77,"column":9},"end":{"line":77,"column":27}},{"start":{"line":77,"column":27},"end":{"line":77,"column":null}}],"line":77},"2":{"loc":{"start":{"line":86,"column":9},"end":{"line":86,"column":null}},"type":"binary-expr","locations":[{"start":{"line":86,"column":9},"end":{"line":86,"column":27}},{"start":{"line":86,"column":27},"end":{"line":86,"column":null}}],"line":86},"3":{"loc":{"start":{"line":106,"column":9},"end":{"line":106,"column":null}},"type":"binary-expr","locations":[{"start":{"line":106,"column":9},"end":{"line":106,"column":27}},{"start":{"line":106,"column":27},"end":{"line":106,"column":null}}],"line":106}},"s":{"0":1,"1":1,"2":12,"3":30,"4":30,"5":41,"6":41,"7":12,"8":12,"9":25,"10":45,"11":45,"12":3,"13":2,"14":1},"f":{"0":1,"1":12,"2":30,"3":41,"4":12,"5":25,"6":45,"7":3,"8":2,"9":1},"b":{"0":[30,14],"1":[41,0],"2":[12,12],"3":[45,7]},"meta":{"lastBranch":4,"lastFunction":10,"lastStatement":15,"seen":{"s:27:27:27:Infinity":0,"f:30:22:30:39":0,"s:31:2:48:Infinity":1,"f:51:22:51:Infinity":1,"s:55:2:59:Infinity":2,"f:62:22:62:37":2,"s:63:17:67:Infinity":3,"s:68:2:68:Infinity":4,"b:68:9:68:27:68:27:68:Infinity":0,"f:71:22:71:31":3,"s:72:17:76:Infinity":5,"s:77:2:77:Infinity":6,"b:77:9:77:27:77:27:77:Infinity":1,"f:80:22:80:38":4,"s:81:17:85:Infinity":7,"s:86:2:86:Infinity":8,"b:86:9:86:27:86:27:86:Infinity":2,"f:89:22:89:Infinity":5,"s:93:2:97:Infinity":9,"f:100:22:100:41":6,"s:101:17:105:Infinity":10,"s:106:2:106:Infinity":11,"b:106:9:106:27:106:27:106:Infinity":3,"f:109:22:109:34":7,"s:110:2:113:Infinity":12,"f:116:22:116:36":8,"s:117:2:117:Infinity":13,"f:120:22:120:44":9,"s:121:2:121:Infinity":14},"fnNames":{}}}
,"/Users/william.d.zk/WorkSpace/dsh-alioth/packages/alioth/auth-web-alioth/src/index.ts": {"path":"/Users/william.d.zk/WorkSpace/dsh-alioth/packages/alioth/auth-web-alioth/src/index.ts","statementMap":{"0":{"start":{"line":30,"column":20},"end":{"line":30,"column":null}},"1":{"start":{"line":31,"column":22},"end":{"line":31,"column":null}},"2":{"start":{"line":47,"column":33},"end":{"line":52,"column":null}},"3":{"start":{"line":76,"column":2},"end":{"line":78,"column":null}},"4":{"start":{"line":77,"column":4},"end":{"line":77,"column":null}},"5":{"start":{"line":79,"column":20},"end":{"line":79,"column":null}},"6":{"start":{"line":80,"column":2},"end":{"line":82,"column":null}},"7":{"start":{"line":98,"column":2},"end":{"line":100,"column":null}},"8":{"start":{"line":99,"column":4},"end":{"line":99,"column":null}},"9":{"start":{"line":101,"column":20},"end":{"line":101,"column":null}},"10":{"start":{"line":102,"column":2},"end":{"line":104,"column":null}},"11":{"start":{"line":113,"column":2},"end":{"line":137,"column":null}},"12":{"start":{"line":114,"column":29},"end":{"line":114,"column":null}},"13":{"start":{"line":115,"column":4},"end":{"line":115,"column":null}},"14":{"start":{"line":115,"column":34},"end":{"line":115,"column":66}},"15":{"start":{"line":116,"column":4},"end":{"line":135,"column":null}},"16":{"start":{"line":117,"column":18},"end":{"line":117,"column":null}},"17":{"start":{"line":118,"column":26},"end":{"line":118,"column":null}},"18":{"start":{"line":119,"column":6},"end":{"line":134,"column":null}},"19":{"start":{"line":120,"column":8},"end":{"line":131,"column":null}},"20":{"start":{"line":121,"column":10},"end":{"line":121,"column":null}},"21":{"start":{"line":122,"column":8},"end":{"line":131,"column":null}},"22":{"start":{"line":123,"column":25},"end":{"line":123,"column":null}},"23":{"start":{"line":124,"column":48},"end":{"line":124,"column":null}},"24":{"start":{"line":125,"column":10},"end":{"line":127,"column":null}},"25":{"start":{"line":126,"column":12},"end":{"line":126,"column":null}},"26":{"start":{"line":128,"column":10},"end":{"line":128,"column":null}},"27":{"start":{"line":130,"column":10},"end":{"line":130,"column":null}},"28":{"start":{"line":133,"column":8},"end":{"line":133,"column":null}},"29":{"start":{"line":136,"column":4},"end":{"line":136,"column":null}},"30":{"start":{"line":141,"column":18},"end":{"line":141,"column":null}},"31":{"start":{"line":142,"column":2},"end":{"line":146,"column":null}},"32":{"start":{"line":147,"column":2},"end":{"line":147,"column":null}},"33":{"start":{"line":151,"column":17},"end":{"line":151,"column":null}},"34":{"start":{"line":152,"column":2},"end":{"line":154,"column":null}},"35":{"start":{"line":153,"column":4},"end":{"line":153,"column":null}},"36":{"start":{"line":155,"column":16},"end":{"line":155,"column":null}},"37":{"start":{"line":156,"column":2},"end":{"line":156,"column":null}},"38":{"start":{"line":161,"column":2},"end":{"line":161,"column":null}},"39":{"start":{"line":166,"column":18},"end":{"line":166,"column":null}},"40":{"start":{"line":167,"column":2},"end":{"line":169,"column":null}},"41":{"start":{"line":168,"column":4},"end":{"line":168,"column":null}},"42":{"start":{"line":170,"column":2},"end":{"line":170,"column":null}},"43":{"start":{"line":175,"column":2},"end":{"line":175,"column":null}},"44":{"start":{"line":183,"column":2},"end":{"line":183,"column":null}},"45":{"start":{"line":184,"column":2},"end":{"line":227,"column":null}},"46":{"start":{"line":231,"column":2},"end":{"line":231,"column":null}},"47":{"start":{"line":240,"column":2},"end":{"line":240,"column":null}},"48":{"start":{"line":250,"column":18},"end":{"line":253,"column":null}},"49":{"start":{"line":255,"column":2},"end":{"line":258,"column":null}},"50":{"start":{"line":272,"column":21},"end":{"line":272,"column":null}},"51":{"start":{"line":273,"column":22},"end":{"line":277,"column":null}},"52":{"start":{"line":278,"column":2},"end":{"line":278,"column":null}},"53":{"start":{"line":281,"column":64},"end":{"line":294,"column":null}},"54":{"start":{"line":309,"column":18},"end":{"line":309,"column":null}},"55":{"start":{"line":310,"column":81},"end":{"line":310,"column":null}},"56":{"start":{"line":311,"column":2},"end":{"line":324,"column":null}},"57":{"start":{"line":312,"column":4},"end":{"line":321,"column":null}},"58":{"start":{"line":313,"column":6},"end":{"line":313,"column":null}},"59":{"start":{"line":313,"column":35},"end":{"line":313,"column":null}},"60":{"start":{"line":314
[...]
8:46:528:Infinity":64,"b:529:40:529:45:529:45:529:Infinity":65,"b:530:44:530:49:530:49:530:Infinity":66,"b:531:46:531:51:531:51:531:Infinity":67,"b:532:44:532:49:532:49:532:Infinity":68,"b:533:38:533:43:533:43:533:Infinity":69,"b:534:46:534:51:534:51:534:Infinity":70,"b:535:39:535:44:535:44:535:Infinity":71,"b:536:38:536:43:536:43:536:Infinity":72,"b:537:42:537:47:537:47:537:Infinity":73,"s:539:12:539:Infinity":106,"s:541:12:541:Infinity":107,"b:542:6:544:Infinity:undefined:undefined:undefined:undefined":74,"s:542:6:544:Infinity":108,"s:543:8:543:Infinity":109,"s:545:6:550:Infinity":110,"s:546:14:546:Infinity":111,"b:547:8:549:Infinity:undefined:undefined:undefined:undefined":75,"s:547:8:549:Infinity":112,"s:548:10:548:Infinity":113,"s:552:21:552:Infinity":114,"b:553:6:555:Infinity:undefined:undefined:undefined:undefined":76,"s:553:6:555:Infinity":115,"s:554:8:554:Infinity":116,"s:556:23:559:Infinity":117,"f:557:8:557:14":30,"s:557:14:557:Infinity":118,"f:558:8:558:14":31,"s:558:14:558:Infinity":119,"b:560:6:562:Infinity:undefined:undefined:undefined:undefined":77,"s:560:6:562:Infinity":120,"s:561:8:561:Infinity":121,"b:564:6:566:Infinity:undefined:undefined:undefined:undefined":78,"s:564:6:566:Infinity":122,"s:565:8:565:Infinity":123,"s:568:6:568:Infinity":124,"s:569:30:569:Infinity":125,"s:570:6:570:Infinity":126,"s:571:6:571:Infinity":127,"s:572:6:577:Infinity":128,"s:573:26:573:Infinity":129,"s:574:8:574:Infinity":130,"s:575:8:575:Infinity":131,"s:576:8:576:Infinity":132,"s:578:28:578:Infinity":133,"s:579:6:579:Infinity":134,"s:580:6:583:Infinity":135,"s:581:8:581:Infinity":136,"s:582:8:582:Infinity":137,"s:586:6:588:Infinity":138,"s:587:8:587:Infinity":139,"s:589:6:594:Infinity":140,"f:593:31:593:41":32,"s:593:41:593:50":141,"f:596:17:596:26":33,"s:596:26:601:Infinity":142,"s:604:2:796:Infinity":143,"f:674:14:674:15":34,"s:674:32:677:Infinity":144,"f:679:10:679:18":35,"s:680:19:680:Infinity":145,"s:681:22:681:Infinity":146,"b:682:6:684:Infinity:undefined:undefined:undefined:undefined":79,"s:682:6:684:Infinity":147,"s:683:8:683:Infinity":148,"s:685:23:685:Infinity":149,"f:685:61:685:67":36,"s:685:67:685:76":150,"b:686:6:688:Infinity:undefined:undefined:undefined:undefined":80,"s:686:6:688:Infinity":151,"s:687:8:687:Infinity":152,"s:689:18:689:Infinity":153,"s:690:32:690:Infinity":154,"b:691:6:698:Infinity:undefined:undefined:undefined:undefined":81,"s:691:6:698:Infinity":155,"s:692:24:692:Infinity":156,"b:692:78:692:117:692:117:692:Infinity":82,"b:692:24:692:57:692:57:692:78":83,"s:693:23:693:Infinity":157,"s:694:8:696:Infinity":158,"b:695:10:695:Infinity:undefined:undefined:undefined:undefined":84,"s:695:10:695:Infinity":159,"s:695:37:695:58":160,"s:695:58:695:87":161,"b:697:8:697:Infinity:undefined:undefined:undefined:undefined":85,"s:697:8:697:Infinity":162,"s:697:46:697:65":163,"b:699:6:702:Infinity:undefined:undefined:undefined:undefined":86,"s:699:6:702:Infinity":164,"s:700:8:700:Infinity":165,"s:701:8:701:Infinity":166,"b:703:6:709:Infinity:undefined:undefined:undefined:undefined":87,"s:703:6:709:Infinity":167,"b:703:10:703:45:703:45:703:76":88,"s:704:28:705:Infinity":168,"b:705:12:705:57:705:57:705:Infinity":89,"b:704:28:704:67:704:67:704:Infinity":90,"b:706:8:706:Infinity:undefined:undefined:undefined:undefined":91,"s:706:8:706:Infinity":169,"s:706:47:706:93":170,"s:706:93:706:134":171,"b:707:8:707:Infinity:undefined:undefined:undefined:undefined":92,"s:707:8:707:Infinity":172,"s:707:45:707:87":173,"s:707:87:707:126":174,"s:708:8:708:Infinity":175,"b:710:6:715:Infinity:undefined:undefined:undefined:undefined":93,"s:710:6:715:Infinity":176,"b:710:10:710:37:710:37:710:70":94,"s:711:24:711:Infinity":177,"b:711:82:711:123:711:123:711:Infinity":95,"b:711:24:711:59:711:59:711:82":96,"b:712:8:712:Infinity:undefined:undefined:undefined:undefined":97,"s:712:8:712:Infinity":178,"s:712:39:712:65":179,"s:712:65:712:94":180,"b:713:8:713:Infinity:undefined:undefined:undefined:undefined":98,"s:713:8:713:Infinity":181,"s:713:47:713:89":182,"s:713:89:713:126":183,"s:714:8:714:Infinity":184,"b:716:6:716:Infinity:undefined:undefined:undefined:undefined":99,"s:716:6:716:Infinity":185,"s:716:37:716:59":186,"s:716:59:716:80":187,"b:717:6:717:Infinity:undefined:undefined:undefined:undefined":100,"s:717:6:717:Infinity":188,"s:717:39:717:65":189,"s:717:65:717:88":190,"b:718:6:718:Infinity:undefined:undefined:undefined:undefined":101,"s:718:6:718:Infinity":191,"s:718:41:718:72":192,"s:718:72:718:98":193,"b:719:6:726:Infinity:undefined:undefined:undefined:undefined":102,"s:719:6:726:Infinity":194,"s:720:23:722:Infinity":195,"b:721:12:721:Infinity:722:12:722:Infinity":103,"b:720:23:720:57:720:57:720:Infinity":104,"s:723:8:723:Infinity":196,"s:724:8:724:Infinity":197,"s:725:8:725:Infinity":198,"b:727:6:777:Infinity:undefined:undefined:undefined:undefined":105,"s:727:6:777:Infinity":199,"s:728:23:730:Infinity":200,"b:729:12:729:Infinity:730:12:730:Infinity":106,"b:728:23:728:57:728:57:728:Infinity":107,"s:731:26:731:Infinity":201,"s:732:29:732:Infinity":202,"b:732:63:732:77:732:77:732:Infinity":108,"s:733:31:733:Infinity":203,"b:733:67:733:83:733:83:733:Infinity":109,"s:734:101:734:Infinity":204,"s:735:8:743:Infinity":205,"b:736:10:738:Infinity:undefined:undefined:undefined:undefined":110,"s:736:10:738:Infinity":206,"s:737:12:737:Infinity":207,"b:739:10:742:Infinity:undefined:undefined:undefined:undefined":111,"s:739:10:742:Infinity":208,"s:740:12:740:Infinity":209,"s:741:12:741:Infinity":210,"b:744:8:776:Infinity:undefined:undefined:undefined:undefined":112,"s:744:8:776:Infinity":211,"s:745:10:745:Infinity":212,"s:746:10:746:Infinity":213,"s:747:25:747:Infinity":214,"s:748:10:758:Infinity":215,"s:749:18:749:Infinity":216,"s:750:18:750:Infinity":217,"b:751:12:753:Infinity:undefined:undefined:undefined:undefined":113,"s:751:12:753:Infinity":218,"s:752:14:752:Infinity":219,"s:754:12:754:Infinity":220,"s:755:12:755:Infinity":221,"s:756:12:756:Infinity":222,"s:757:12:757:Infinity":223,"s:761:29:761:Infinity":224,"b:761:61:761:78:761:78:761:Infinity":114,"b:762:10:774:Infinity:764:17:774:Infinity":115,"s:762:10:774:Infinity":225,"b:762:14:762:37:762:37:762:62":116,"s:763:12:763:Infinity":226,"s:765:28:765:Infinity":227,"b:765:28:765:99:765:99:765:Infinity":117,"f:765:44:765:53":37,"s:765:53:765:94":228,"b:765:53:765:72:765:72:765:94":118,"b:766:12:772:Infinity:undefined:undefined:undefined:undefined":119,"s:766:12:772:Infinity":229,"s:767:31:767:Infinity":230,"s:768:14:770:Infinity":231,"f:768:46:768:56":38,"s:768:56:768:65":232,"b:769:16:769:Infinity:undefined:undefined:undefined:undefined":120,"s:769:16:769:Infinity":233,"s:769:46:769:64":234,"s:771:14:771:Infinity":235,"s:773:12:773:Infinity":236,"s:775:10:775:Infinity":237,"s:780:12:780:Infinity":238,"b:781:6:783:Infinity:undefined:undefined:undefined:undefined":121,"s:781:6:783:Infinity":239,"s:782:8:782:Infinity":240,"b:784:6:786:Infinity:undefined:undefined:undefined:undefined":122,"s:784:6:786:Infinity":241,"s:785:8:785:Infinity":242,"s:787:6:787:Infinity":243,"s:788:6:788:Infinity":244,"f:790:17:790:26":39,"s:790:26:795:Infinity":245,"s:798:2:872:Infinity":246,"f:832:14:832:15":40,"s:832:32:835:Infinity":247,"f:837:10:837:18":41,"b:838:6:840:Infinity:undefined:undefined:undefined:undefined":123,"s:838:6:840:Infinity":248,"s:839:8:839:Infinity":249,"b:841:6:843:Infinity:undefined:undefined:undefined:undefined":124,"s:841:6:843:Infinity":250,"s:842:8:842:Infinity":251,"s:844:21:844:Infinity":252,"b:845:6:847:Infinity:undefined:undefined:undefined:undefined":125,"s:845:6:847:Infinity":253,"s:846:8:846:Infinity":254,"s:848:22:848:Infinity":255,"s:849:23:852:Infinity":256,"f:850:8:850:14":42,"s:850:14:850:Infinity":257,"f:851:8:851:14":43,"s:851:14:851:Infinity":258,"b:853:6:855:Infinity:undefined:undefined:undefined:undefined":126,"s:853:6:855:Infinity":259,"s:854:8:854:Infinity":260,"b:856:6:858:Infinity:undefined:undefined:undefined:undefined":127,"s:856:6:858:Infinity":261,"s:857:8:857:Infinity":262,"b:859:6:861:Infinity:undefined:undefined:undefined:undefined":128,"s:859:6:861:Infinity":263,"s:860:8:860:Infinity":264,"s:862:20:862:Infinity":265,"f:862:69:862:75":44,"s:862:75:862:77":266,"s:863:6:863:Infinity":267,"s:864:6:864:Infinity":268,"f:866:17:866:26":45,"s:866:26:871:Infinity":269,"s:874:2:1097:Infinity":270,"f:941:14:941:15":46,"s:941:32:945:Infinity":271,"f:947:10:947:18":47,"b:948:6:950:Infinity:undefined:undefined:undefined:undefined":129,"s:948:6:950:Infinity":272,"s:949:8:949:Infinity":273,"s:953:22:953:Infinity":274,"s:954:20:972:Infinity":275,"f:954:38:954:49":48,"s:954:38:972:8":276,"b:960:25:960:52:960:52:960:Infinity":130,"b:965:21:965:41:965:41:965:45":131,"f:965:49:965:60":49,"s:965:60:970:12":277,"b:969:51:969:56:969:56:969:Infinity":132,"s:976:6:983:Infinity":278,"s:977:8:982:Infinity":279,"b:977:29:977:49:977:49:977:53":133,"s:978:16:978:Infinity":280,"b:979:10:981:Infinity:undefined:undefined:undefined:undefined":134,"s:979:10:981:Infinity":281,"s:980:12:980:Infinity":282,"f:980:214:980:223":50,"s:980:223:980:236":283,"s:984:6:989:Infinity":284,"s:985:14:985:Infinity":285,"b:986:8:988:Infinity:undefined:undefined:undefined:undefined":135,"s:986:8:988:Infinity":286,"s:987:10:987:Infinity":287,"b:987:62:987:90:987:90:987:95":136,"s:991:21:991:Infinity":288,"s:992:26:992:Infinity":289,"s:993:32:993:Infinity":290,"s:994:32:994:Infinity":291,"s:998:32:998:Infinity":292,"b:999:6:1001:Infinity:undefined:undefined:undefined:undefined":137,"s:999:6:1001:Infinity":293,"s:1000:8:1000:Infinity":294,"s:1002:81:1002:Infinity":295,"s:1003:6:1014:Infinity":296,"s:1004:27:1004:Infinity":297,"s:1005:28:1005:Infinity":298,"b:1006:8:1009:Infinity:undefined:undefined:undefined:undefined":138,"s:1006:8:1009:Infinity":299,"s:1007:10:1007:Infinity":300,"s:1008:10:1008:Infinity":301,"s:1010:8:1010:Infinity":302,"s:1011:8:1013:Infinity":303,"s:1012:10:1012:Infinity":304,"b:1015:6:1017:Infinity:undefined:undefined:undefined:undefined":139,"s:1015:6:1017:Infinity":305,"b:1015:10:1015:32:1015:32:1015:52":140,"s:1016:8:1016:Infinity":306,"b:1018:6:1020:Infinity:undefined:undefined:undefined:undefined":141,"s:1018:6:1020:Infinity":307,"s:1019:8:1019:Infinity":308,"b:1021:6:1029:Infinity:undefined:undefined:undefined:undefined":142,"s:1021:6:1029:Infinity":309,"s:1023:8:1028:Infinity":310,"s:1030:6:1030:Infinity":311,"f:1030:115:1030:126":51,"s:1030:126:1030:136":312,"s:1031:6:1039:Infinity":313,"s:1032:23:1032:Infinity":314,"b:1033:8:1035:Infinity:undefined:undefined:undefined:undefined":143,"s:1033:8:1035:Infinity":315,"s:1034:10:1034:Infinity":316,"s:1036:8:1036:Infinity":317,"s:1037:8:1037:Infinity":318,"s:1038:8:1038:Infinity":319,"s:1044:30:1044:Infinity":320,"s:1045:25:1045:Infinity":321,"b:1046:6:1082:Infinity:undefined:undefined:undefined:undefined":144,"s:1046:6:1082:Infinity":322,"s:1077:8:1080:Infinity":323,"f:1077:8:1077:17":52,"s:1078:10:1078:Infinity":324,"s:1079:10:1079:Infinity":325,"s:1047:23:1047:Infinity":326,"s:1048:34:1054:Infinity":327,"f:1048:34:1048:35":53,"s:1049:25:1049:Infinity":328,"b:1050:10:1050:Infinity:undefined:undefined:undefined:undefined":145,"s:1050:10:1050:Infinity":329,"s:1050:26:1050:Infinity":330,"s:1051:23:1051:Infinity":331,"s:1052:21:1052:Infinity":332,"b:1052:32:1052:46:1052:46:1052:Infinity":146,"s:1053:10:1053:Infinity":333,"s:1055:8:1062:Infinity":334,"s:1056:25:1056:Infinity":335,"s:1057:26:1057:Infinity":336,"b:1058:10:1061:Infinity:undefined:undefined:undefined:undefined":147,"s:1058:10:1061:Infinity":337,"s:1059:12:1059:Infinity":338,"s:1060:12:1060:Infinity":339,"s:1063:28:1063:Infinity":340,"s:1064:28:1064:Infinity":341,"f:1064:46:1064:57":54,"s:1064:57:1064:93":342,"s:1065:29:1065:Infinity":343,"b:1066:8:1076:Infinity:1069:15:1076:Infinity":148,"s:1066:8:1076:Infinity":344,"s:1067:10:1067:Infinity":345,"s:1068:10:1068:Infinity":346,"s:1070:27:1070:Infinity":347,"b:1070:27:1070:46:1070:46:1070:Infinity":149,"s:1071:26:1071:Infinity":348,"f:1071:45:1071:52":55,"s:1071:52:1071:75":349,"b:1072:10:1075:Infinity:undefined:undefined:undefined:undefined":150,"s:1072:10:1075:Infinity":350,"s:1073:12:1073:Infinity":351,"b:1073:118:1073:125:1073:125:1073:127":151,"s:1074:12:1074:Infinity":352,"b:1081:8:1081:Infinity:undefined:undefined:undefined:undefined":152,"s:1081:8:1081:Infinity":353,"s:1081:26:1081:Infinity":354,"s:1084:6:1089:Infinity":355,"f:1086:38:1086:49":56,"s:1086:49:1086:59":356,"b:1088:202:1088:233:1088:233:1088:235":153,"f:1091:17:1091:26":57,"s:1091:26:1096:Infinity":357},"fnNames":{}}}
,"/Users/william.d.zk/WorkSpace/dsh-alioth/packages/alioth/tool-feedback-alioth/src/index.ts": {"path":"/Users/william.d.zk/WorkSpace/dsh-alioth/packages/alioth/tool-feedback-alioth/src/index.ts","statementMap":{"0":{"start":{"line":14,"column":20},"end":{"line":14,"column":null}},"1":{"start":{"line":15,"column":22},"end":{"line":15,"column":null}},"2":{"start":{"line":19,"column":33},"end":{"line":19,"column":null}},"3":{"start":{"line":23,"column":21},"end":{"line":25,"column":null}},"4":{"start":{"line":23,"column":119},"end":{"line":25,"column":null}},"5":{"start":{"line":28,"column":14},"end":{"line":28,"column":null}},"6":{"start":{"line":28,"column":20},"end":{"line":28,"column":null}},"7":{"start":{"line":30,"column":2},"end":{"line":78,"column":null}},"8":{"start":{"line":60,"column":137},"end":{"line":63,"column":null}},"9":{"start":{"line":62,"column":39},"end":{"line":62,"column":121}},"10":{"start":{"line":66,"column":26},"end":{"line":75,"column":null}},"11":{"start":{"line":66,"column":52},"end":{"line":75,"column":8}},"12":{"start":{"line":76,"column":6},"end":{"line":76,"column":null}},"13":{"start":{"line":80,"column":2},"end":{"line":103,"column":null}},"14":{"start":{"line":97,"column":96},"end":{"line":97,"column":null}},"15":{"start":{"line":100,"column":25},"end":{"line":100,"column":null}},"16":{"start":{"line":101,"column":6},"end":{"line":101,"column":null}},"17":{"start":{"line":105,"column":2},"end":{"line":128,"column":null}},"18":{"start":{"line":122,"column":96},"end":{"line":122,"column":null}},"19":{"start":{"line":125,"column":25},"end":{"line":125,"column":null}},"20":{"start":{"line":126,"column":6},"end":{"line":126,"column":null}},"21":{"start":{"line":130,"column":2},"end":{"line":153,"column":null}},"22":{"start":{"line":147,"column":96},"end":{"line":147,"column":null}},"23":{"start":{"line":150,"column":25},"end":{"line":150,"column":null}},"24":{"start":{"line":151,"column":6},"end":{"line":151,"column":null}},"25":{"start":{"line":155,"column":2},"end":{"line":155,"column":null}}},"fnMap":{"0":{"name":"(anonymous_0)","decl":{"start":{"line":23,"column":21},"end":{"line":23,"column":22}},"loc":{"start":{"line":23,"column":119},"end":{"line":25,"column":null}},"line":23},"1":{"name":"apply","decl":{"start":{"line":27,"column":16},"end":{"line":27,"column":22}},"loc":{"start":{"line":27,"column":59},"end":{"line":156,"column":null}},"line":27},"2":{"name":"(anonymous_2)","decl":{"start":{"line":28,"column":14},"end":{"line":28,"column":20}},"loc":{"start":{"line":28,"column":20},"end":{"line":28,"column":null}},"line":28},"3":{"name":"(anonymous_3)","decl":{"start":{"line":60,"column":14},"end":{"line":60,"column":15}},"loc":{"start":{"line":60,"column":137},"end":{"line":63,"column":null}},"line":60},"4":{"name":"(anonymous_4)","decl":{"start":{"line":62,"column":33},"end":{"line":62,"column":39}},"loc":{"start":{"line":62,"column":39},"end":{"line":62,"column":121}},"line":62},"5":{"name":"execute","decl":{"start":{"line":65,"column":10},"end":{"line":65,"column":20}},"loc":{"start":{"line":65,"column":20},"end":{"line":77,"column":null}},"line":65},"6":{"name":"(anonymous_6)","decl":{"start":{"line":66,"column":46},"end":{"line":66,"column":52}},"loc":{"start":{"line":66,"column":52},"end":{"line":75,"column":8}},"line":66},"7":{"name":"(anonymous_7)","decl":{"start":{"line":97,"column":14},"end":{"line":97,"column":15}},"loc":{"start":{"line":97,"column":96},"end":{"line":97,"column":null}},"line":97},"8":{"name":"execute_2","decl":{"start":{"line":99,"column":10},"end":{"line":99,"column":18}},"loc":{"start":{"line":99,"column":24},"end":{"line":102,"column":null}},"line":99},"9":{"name":"(anonymous_9)","decl":{"start":{"line":122,"column":14},"end":{"line":122,"column":15}},"loc":{"start":{"line":122,"column":96},"end":{"line":122,"column":null}},"line":122},"10":{"name":"execute_3","decl":{"start":{"line":124,"column":10},"end":{"line":124,"column":18}},"loc":{"start":{"line":124,"column":24},"end":{"line":127,"column":null}},"line":124},"11":{"name":"(anonymous_11)","decl":{"start":{"line":147,"column":14},"end":{"line":147,"column":15}},"loc":{"start":{"line":147,"column":96},"end":{"line":147,"column":null}},"line":147},"12":{"name":"execute_4","decl":{"start":{"line":149,"column":10},"end":{"line":149,"column":18}},"loc":{"start":{"line":149,"column":24},"end":{"line":152,"column":null}},"line":149}},"branchMap":{"0":{"loc":{"start":{"line":24,"column":42},"end":{"line":24,"column":82}},"type":"cond-expr","locations":[{"start":{"line":24,"column":64},"end":{"line":24,"column":69}},{"start":{"line":24,"column":69},"end":{"line":24,"column":82}}],"line":24},"1":{"loc":{"start":{"line":74,"column":12},"end":{"line":74,"column":null}},"type":"cond-expr","locations":[{"start":{"line":74,"column":31},"end":{"line":74,"column":36}},{"start":{"line":74,"column":36},"end":{"line":74,"column":null}}],"line":74},"2":{"loc":{"start":{"line":100,"column":66},"end":{"line":100,"column":85}},"type":"binary-expr","locations":[{"start":{"line":100,"column":66},"end":{"line":100,"column":80}},{"start":{"line":100,"column":80},"end":{"line":100,"column":85}}],"line":100},"3":{"loc":{"start":{"line":101,"column":65},"end":{"line":101,"column":127}},"type":"cond-expr","locations":[{"start":{"line":101,"column":93},"end":{"line":101,"column":98}},{"start":{"line":101,"column":98},"end":{"line":101,"column":127}}],"line":101},"4":{"loc":{"start":{"line":126,"column":65},"end":{"line":126,"column":127}},"type":"cond-expr","locations":[{"start":{"line":126,"column":93},"end":{"line":126,"column":98}},{"start":{"line":126,"column":98},"end":{"line":126,"column":127}}],"line":126},"5":{"loc":{"start":{"line":151,"column":65},"end":{"line":151,"column":127}},"type":"cond-expr","locations":[{"start":{"line":151,"column":93},"end":{"line":151,"column":98}},{"start":{"line":151,"column":98},"end":{"line":151,"column":127}}],"line":151}},"s":{"0":0,"1":0,"2":0,"3":0,"4":0,"5":0,"6":0,"7":0,"8":0,"9":0,"10":0,"11":0,"12":0,"13":0,"14":0,"15":0,"16":0,"17":0,"18":0,"19":0,"20":0,"21":0,"22":0,"23":0,"24":0,"25":0},"f":{"0":0,"1":0,"2":0,"3":0,"4":0,"5":0,"6":0,"7":0,"8":0,"9":0,"10":0,"11":0,"12":0},"b":{"0":[0,0],"1":[0,0],"2":[0,0],"3":[0,0],"4":[0,0],"5":[0,0]},"meta":{"lastBranch":6,"lastFunction":13,"lastStatement":26,"seen":{"s:14:20:14:Infinity":0,"s:15:22:15:Infinity":1,"s:19:33:19:Infinity":2,"s:23:21:25:Infinity":3,"f:23:21:23:22":0,"s:23:119:25:Infinity":4,"b:24:64:24:69:24:69:24:82":0,"f:27:16:27:22":1,"s:28:14:28:Infinity":5,"f:28:14:28:20":2,"s:28:20:28:Infinity":6,"s:30:2:78:Infinity":7,"f:60:14:60:15":3,"s:60:137:63:Infinity":8,"f:62:33:62:39":4,"s:62:39:62:121":9,"f:65:10:65:20":5,"s:66:26:75:Infinity":10,"f:66:46:66:52":6,"s:66:52:75:8":11,"b:74:31:74:36:74:36:74:Infinity":1,"s:76:6:76:Infinity":12,"s:80:2:103:Infinity":13,"f:97:14:97:15":7,"s:97:96:97:Infinity":14,"f:99:10:99:18":8,"s:100:25:100:Infinity":15,"b:100:66:100:80:100:80:100:85":2,"s:101:6:101:Infinity":16,"b:101:93:101:98:101:98:101:127":3,"s:105:2:128:Infinity":17,"f:122:14:122:15":9,"s:122:96:122:Infinity":18,"f:124:10:124:18":10,"s:125:25:125:Infinity":19,"s:126:6:126:Infinity":20,"b:126:93:126:98:126:98:126:127":4,"s:130:2:153:Infinity":21,"f:147:14:147:15":11,"s:147:96:147:Infinity":22,"f:149:10:149:18":12,"s:150:25:150:Infinity":23,"s:151:6:151:Infinity":24,"b:151:93:151:98:151:98:151:127":5,"s:155:2:155:Infinity":25},"fnNames":{}}}
}
